15:12:37.054 [main                     ] DEBUG Logger               - Configured Logger
15:12:37.080 [main                     ] DEBUG GameApplication      - Logging settings
Title: Galactic Odyssey
Version: 0.0
Width: 1500
Height: 800
Fullscreen: false
Intro: false
Profiling: false
Single step:false
App Mode: DEVELOPER
Menu Key: ESCAPE
Stage Style: DECORATED
Scene Factory: class com.almasb.fxgl.app.scene.SceneFactory

15:12:37.391 [JavaFX Application Thread] DEBUG FXGLApplication      - Initializing FXGL
15:12:37.396 [JavaFX Application Thread] INFO  Engine               - FXGL-17.3 (30.03.2023 11.49) on WINDOWS (J:17.0.12 FX:17.0.2-ea)
15:12:37.396 [JavaFX Application Thread] DEBUG Engine               - JRE Vendor Name: Oracle Corporation
15:12:37.396 [JavaFX Application Thread] DEBUG Engine               - Running on OS: Windows 11 version 10.0
15:12:37.396 [JavaFX Application Thread] DEBUG Engine               - Architecture: amd64
15:12:37.398 [JavaFX Application Thread] INFO  Engine               - Source code and latest versions at: https://github.com/AlmasB/FXGL
15:12:37.398 [JavaFX Application Thread] INFO  Engine               -       Ask questions and discuss at: https://github.com/AlmasB/FXGL/discussions
15:12:37.398 [JavaFX Application Thread] INFO  Engine               -              Join the FXGL chat at: https://gitter.im/AlmasB/FXGL
15:12:37.475 [JavaFX Application Thread] DEBUG PrimaryStageWindow   - Creating a JavaFX scene
15:12:37.475 [JavaFX Application Thread] DEBUG PrimaryStageWindow   - Target size > screen size
15:12:37.519 [JavaFX Application Thread] DEBUG PrimaryStageWindow   - Target settings size: 1500.0 x 800.0
15:12:37.519 [JavaFX Application Thread] DEBUG PrimaryStageWindow   - Scaled scene size:    1325.0 x 720.0
15:12:37.519 [JavaFX Application Thread] DEBUG PrimaryStageWindow   - Scaled ratio: (0.8833333333333333, 0.9)
15:12:37.520 [JavaFX Application Thread] DEBUG PrimaryStageWindow   - Set initial scene to FXGLStartupScene
15:12:37.527 [JavaFX Application Thread] DEBUG PrimaryStageWindow   - Opening main window
15:12:37.602 [JavaFX Application Thread] DEBUG PrimaryStageWindow   - Window border size: (16.0, 39.0)
15:12:37.603 [JavaFX Application Thread] DEBUG PrimaryStageWindow   - Scaled size: 1325.0 x 720.0
15:12:37.603 [JavaFX Application Thread] DEBUG PrimaryStageWindow   - Scaled ratio: (0.8833333333333333, 0.9)
15:12:37.603 [JavaFX Application Thread] DEBUG PrimaryStageWindow   - Scene size: 1325.0 x 720.0
15:12:37.603 [JavaFX Application Thread] DEBUG PrimaryStageWindow   - Stage size: 1341.0 x 759.0
15:12:37.611 [FXGL Background Thread 1 ] DEBUG Engine               - Initializing environment variables
15:12:37.649 [FXGL Background Thread 1 ] DEBUG FXGLAssetLoaderServi - User app class for loading assets: class App.MainApp
15:12:37.649 [FXGL Background Thread 1 ] DEBUG GameApplicationServi - Applying CSS: fxgl_dark.css
15:12:37.651 [FXGL Background Thread 1 ] DEBUG FXGLAssetLoaderServi - Loading from file system: jar:file:///C:/Users/Johan/.m2/repository/com/github/AlmasB/fxgl/17.3/fxgl-17.3.jar!/fxglassets/ui/css/fxgl_dark.css
15:12:37.702 [FXGL Background Thread 1 ] DEBUG GameApplicationServi - Initializing application scenes
15:12:37.750 [FXGL Background Thread 1 ] DEBUG GameWorld            - Game world initialized
15:12:37.812 [FXGL Background Thread 1 ] DEBUG PhysicsWorld         - Physics world initialized: appHeight=800, physics.ppm=50.0
15:12:37.813 [FXGL Background Thread 1 ] DEBUG PhysicsWorld         - Using strategy: BRUTE_FORCE
15:12:37.818 [FXGL Background Thread 1 ] DEBUG GameScene            - Game scene initialized: 1500x800
15:12:37.834 [FXGL Background Thread 1 ] DEBUG FXGL.DefaultMenu     - createMenuBodyGameMenu()
15:12:37.854 [FXGL Background Thread 1 ] DEBUG FXGL.DefaultMenu     - createOptionsMenu()
15:12:37.864 [FXGL Background Thread 1 ] DEBUG FXGLAssetLoaderServi - Loading from file system: jar:file:///C:/Users/Johan/.m2/repository/com/github/AlmasB/fxgl/17.3/fxgl-17.3.jar!/fxglassets/textures/particles/smoke.png
15:12:37.950 [FXGL Background Thread 1 ] DEBUG FXGLAssetLoaderServi - Loading from file system: jar:file:///C:/Users/Johan/.m2/repository/com/github/AlmasB/fxgl/17.3/fxgl-17.3.jar!/fxglassets/textures/particles/trace_horizontal.png
15:12:37.976 [FXGL Background Thread 1 ] DEBUG GameApplicationServi - Application scenes initialized
15:12:37.990 [FXGL Background Thread 1 ] DEBUG SystemBundleService  - Loading FXGL system data
15:12:37.994 [FXGL Background Thread 1 ] DEBUG FileSystemAccess     - Reading from: C:\UNI\lorenzo.alvarado-Proyecto-Final-DPOO-2025\system\fxgl.bundle
15:12:38.002 [FXGL Background Thread 1 ] DEBUG SystemBundleService  - Bundle FXGL: {}
15:12:38.002 [FXGL Background Thread 1 ] DEBUG UpdaterService       - Checking for updates
15:12:38.008 [FXGL Background Thread 4 ] DEBUG FXGLApplication      - Loading fonts
15:12:38.009 [FXGL Background Thread 4 ] DEBUG FXGLAssetLoaderServi - Loading from file system: jar:file:///C:/Users/Johan/.m2/repository/com/github/AlmasB/fxgl/17.3/fxgl-17.3.jar!/fxglassets/ui/fonts/VarelaRound-Regular.ttf
15:12:38.009 [FXGL Background Thread 1 ] DEBUG FXGLApplication      - Loading default localization
15:12:38.010 [FXGL Background Thread 1 ] DEBUG FXGLAssetLoaderServi - Loading from file system: jar:file:///C:/Users/Johan/.m2/repository/com/github/AlmasB/fxgl/17.3/fxgl-17.3.jar!/fxglassets/languages/english.lang
15:12:38.038 [FXGL Background Thread 1 ] INFO  FXGLApplication      - FXGL initialization took: 0.428 sec
15:12:38.048 [JavaFX Application Thread] DEBUG Input                - Registered new binding: Move Left - A
15:12:38.048 [JavaFX Application Thread] DEBUG Input                - Registered new binding: Move Right - D
15:12:38.048 [JavaFX Application Thread] DEBUG Input                - Registered new binding: Move Up - W
15:12:38.050 [JavaFX Application Thread] DEBUG Input                - Registered new binding: Move Down - S
15:12:38.050 [JavaFX Application Thread] DEBUG Input                - Registered new binding: End Turn - Enter
15:12:38.051 [JavaFX Application Thread] DEBUG Input                - Registered new binding: Hero Attack - LMB
15:12:38.051 [JavaFX Application Thread] DEBUG Input                - Registered new binding: Special Ability - RMB
15:12:38.051 [JavaFX Application Thread] DEBUG FXGLAssetLoaderServi - Loading from file system: jar:file:///C:/Users/Johan/.m2/repository/com/github/AlmasB/fxgl/17.3/fxgl-17.3.jar!/fxglassets/textures/fxgl_icon.png
15:12:38.074 [JavaFX Application Thread] DEBUG FXGLAssetLoaderServi - Loading from file system: jar:file:///C:/Users/Johan/.m2/repository/com/github/AlmasB/fxgl/17.3/fxgl-17.3.jar!/fxglassets/textures/fxgl_default_cursor.png
15:12:38.076 [JavaFX Application Thread] DEBUG Input                - Registered new binding: Screenshot - CTRL+8
15:12:38.077 [JavaFX Application Thread] DEBUG Input                - Registered new binding: System info dump - CTRL+9
15:12:38.077 [JavaFX Application Thread] DEBUG Input                - Registered new binding: Restart - CTRL+R
15:12:38.078 [JavaFX Application Thread] DEBUG Input                - Registered new binding: Toggle Debug Camera - CTRL+7
15:12:38.080 [JavaFX Application Thread] DEBUG LoopRunner           - Starting loop
15:12:38.081 [JavaFX Application Thread] DEBUG LoopRunner           - Initializing JavaFX AnimationTimerLoop
15:12:38.082 [JavaFX Application Thread] DEBUG GameApplicationServi - Starting new game
15:12:38.082 [JavaFX Application Thread] DEBUG Input                - Clearing active input actions
15:12:38.087 [FXGL Background Thread 4 ] DEBUG FXGLAssetLoaderServi - Loading from file system: jar:file:///C:/Users/Johan/.m2/repository/com/github/AlmasB/fxgl/17.3/fxgl-17.3.jar!/fxglassets/ui/fonts/Abel-Regular.ttf
15:12:38.089 [FXGL Background Thread 4 ] DEBUG FXGLAssetLoaderServi - Loading from file system: jar:file:///C:/Users/Johan/.m2/repository/com/github/AlmasB/fxgl/17.3/fxgl-17.3.jar!/fxglassets/ui/fonts/TerminalLandMono-Regular.otf
15:12:38.092 [JavaFX Application Thread] DEBUG GameApplicationServi - Removing overlay from FXGLStartupScene and adding to FXGLLoadingScene
15:12:38.093 [JavaFX Application Thread] DEBUG PrimaryStageWindow   - FXGLStartupScene -> FXGLLoadingScene
15:12:38.093 [JavaFX Application Thread] DEBUG GameApplicationServi - Clearing previous game
15:12:38.093 [JavaFX Application Thread] DEBUG GameScene            - Clearing game scene
15:12:38.093 [JavaFX Application Thread] DEBUG GameWorld            - Clearing game world
15:12:38.093 [JavaFX Application Thread] DEBUG PhysicsWorld         - Clearing physics world
15:12:38.093 [FXGL Background Thread 4 ] DEBUG FXGLAssetLoaderServi - Loading from file system: jar:file:///C:/Users/Johan/.m2/repository/com/github/AlmasB/fxgl/17.3/fxgl-17.3.jar!/fxglassets/ui/fonts/Courier-Prime.ttf
15:12:38.095 [FXGL Background Thread 1 ] DEBUG FXGLApplication      - Initializing game
15:12:38.139 [JavaFX Application Thread] DEBUG FXGLApplication      - Registering font factories with UI factory
15:12:38.151 [FXGL Background Thread 1 ] WARN  TMXLevelLoader       - TiledMap generated from 1.11.2. Supported version: 1.9.0. Some features may not be parsed fully.
15:12:38.192 [FXGL Background Thread 1 ] DEBUG TMXLevelLoader       - Parsed TiledMap: file:/C:/UNI/lorenzo.alvarado-Proyecto-Final-DPOO-2025/Galactic%20odyssey/target/classes/assets/levels/MapGame1.tmx
15:12:38.193 [FXGL Background Thread 1 ] DEBUG TMXLevelLoader       - Creating tile layer entities
15:12:38.195 [FXGL Background Thread 1 ] DEBUG TilesetLoader        - Loading view for layer Espacio
15:12:38.200 [FXGL Background Thread 1 ] DEBUG TilesetLoader        - Created buffer with size 1920.0x960.0
15:12:38.255 [FXGL Background Thread 1 ] DEBUG TilesetLoader        - Loading view for layer Planetas
15:12:38.257 [FXGL Background Thread 1 ] DEBUG TilesetLoader        - Created buffer with size 1920.0x960.0
15:12:38.258 [FXGL Background Thread 1 ] DEBUG TilesetLoader        - Loading view for layer Suelo
15:12:38.261 [FXGL Background Thread 1 ] DEBUG TilesetLoader        - Created buffer with size 1920.0x960.0
15:12:38.264 [FXGL Background Thread 1 ] DEBUG TilesetLoader        - Loading view for layer Suelo ruinas
15:12:38.273 [FXGL Background Thread 1 ] DEBUG TilesetLoader        - Created buffer with size 1920.0x960.0
15:12:38.274 [FXGL Background Thread 1 ] DEBUG TilesetLoader        - Loading view for layer Torres ruinas
15:12:38.280 [FXGL Background Thread 1 ] DEBUG TilesetLoader        - Created buffer with size 1920.0x960.0
15:12:38.343 [FXGL Background Thread 1 ] DEBUG TilesetLoader        - Loading view for layer Cristales espaciales
15:12:38.347 [FXGL Background Thread 1 ] DEBUG TilesetLoader        - Created buffer with size 1920.0x960.0
15:12:38.348 [FXGL Background Thread 1 ] DEBUG TilesetLoader        - Loading view for layer Rocas1
15:12:38.350 [FXGL Background Thread 1 ] DEBUG TilesetLoader        - Created buffer with size 1920.0x960.0
15:12:38.378 [FXGL Background Thread 1 ] DEBUG TilesetLoader        - Loading view for layer Muro
15:12:38.381 [FXGL Background Thread 1 ] DEBUG TilesetLoader        - Created buffer with size 1920.0x960.0
15:12:38.382 [FXGL Background Thread 1 ] DEBUG TilesetLoader        - Loading view for layer Rocas
15:12:38.385 [FXGL Background Thread 1 ] DEBUG TilesetLoader        - Created buffer with size 1920.0x960.0
15:12:38.387 [FXGL Background Thread 1 ] DEBUG TilesetLoader        - Loading view for layer Rocas2
15:12:38.390 [FXGL Background Thread 1 ] DEBUG TilesetLoader        - Created buffer with size 1920.0x960.0
15:12:38.391 [FXGL Background Thread 1 ] DEBUG TilesetLoader        - Loading view for layer Naves
15:12:38.395 [FXGL Background Thread 1 ] DEBUG TilesetLoader        - Created buffer with size 1920.0x960.0
15:12:38.395 [FXGL Background Thread 1 ] DEBUG TilesetLoader        - Loading view for layer Objetos
15:12:38.402 [FXGL Background Thread 1 ] DEBUG TilesetLoader        - Created buffer with size 1920.0x960.0
15:12:38.404 [FXGL Background Thread 1 ] DEBUG TMXLevelLoader       - Creating object layer entities
15:12:38.407 [FXGL Background Thread 1 ] WARN  TMXLevelLoader       - Parse error
java.lang.IllegalArgumentException: No EntityFactory has a method annotated @Spawns(obstaculo)
	at com.almasb.fxgl.entity@17.3/com.almasb.fxgl.entity.GameWorld.create(GameWorld.kt:413)
	at com.almasb.fxgl.entity@17.3/com.almasb.fxgl.entity.level.tiled.TMXLevelLoader.createObjectLayerEntities(TMXLevelLoader.kt:155)
	at com.almasb.fxgl.entity@17.3/com.almasb.fxgl.entity.level.tiled.TMXLevelLoader.load(TMXLevelLoader.kt:60)
	at com.almasb.fxgl.all@17.3/com.almasb.fxgl.app.services.FXGLAssetLoaderService.loadLevel(FXGLAssetLoaderService.kt:430)
	at com.almasb.fxgl.all@17.3/com.almasb.fxgl.dsl.FXGL$Companion.setLevelFromMap(FXGL.kt:634)
	at com.almasb.fxgl.all@17.3/com.almasb.fxgl.dsl.FXGL.setLevelFromMap(FXGL.kt)
	at Game.main/View.Maps.Map_1.MapLoader.loadMap(MapLoader.java:14)
	at Game.main/levels.level1.Level1.initLevel(Level1.java:28)
	at Game.main/App.MainApp.loadLevel(MainApp.java:228)
	at Game.main/App.MainApp.startNewGame(MainApp.java:215)
	at Game.main/App.MainApp.initGame(MainApp.java:65)
	at com.almasb.fxgl.all@17.3/com.almasb.fxgl.app.FXGLApplication$InitAppTask.initGame(FXGLApplication.kt:339)
	at com.almasb.fxgl.all@17.3/com.almasb.fxgl.app.FXGLApplication$InitAppTask.call(FXGLApplication.kt:319)
	at com.almasb.fxgl.all@17.3/com.almasb.fxgl.app.FXGLApplication$InitAppTask.call(FXGLApplication.kt:311)
	at javafx.graphics/javafx.concurrent.Task$TaskCallable.call(Task.java:1426)
	at java.base/java.util.concurrent.FutureTask.run(FutureTask.java:264)
	at java.base/java.util.concurrent.Executors$RunnableAdapter.call(Executors.java:539)
	at java.base/java.util.concurrent.FutureTask.run(FutureTask.java:264)
	at java.base/java.util.concurrent.ThreadPoolExecutor.runWorker(ThreadPoolExecutor.java:1136)
	at java.base/java.util.concurrent.ThreadPoolExecutor$Worker.run(ThreadPoolExecutor.java:635)
	at java.base/java.lang.Thread.run(Thread.java:842)

15:12:38.416 [JavaFX Application Thread] DEBUG LoopRunner           - Stopping loop
15:12:38.417 [JavaFX Application Thread] FATAL FXGLApplication      - Uncaught Exception:
java.lang.RuntimeException: Initialization failed
	at com.almasb.fxgl.all@17.3/com.almasb.fxgl.app.FXGLApplication$InitAppTask.failed(FXGLApplication.kt:343)
	at javafx.graphics/javafx.concurrent.Task.setState(Task.java:710)
	at javafx.graphics/javafx.concurrent.Task$TaskCallable.lambda$call$2(Task.java:1456)
	at javafx.graphics/com.sun.javafx.application.PlatformImpl.lambda$runLater$10(PlatformImpl.java:457)
	at java.base/java.security.AccessController.doPrivileged(AccessController.java:399)
	at javafx.graphics/com.sun.javafx.application.PlatformImpl.lambda$runLater$11(PlatformImpl.java:456)
	at javafx.graphics/com.sun.glass.ui.InvokeLaterDispatcher$Future.run(InvokeLaterDispatcher.java:96)
	at javafx.graphics/com.sun.glass.ui.win.WinApplication._runLoop(Native Method)
	at javafx.graphics/com.sun.glass.ui.win.WinApplication.lambda$runLoop$3(WinApplication.java:184)
	at java.base/java.lang.Thread.run(Thread.java:842)
Caused by: com.almasb.fxgl.entity.level.LevelLoadingException: No EntityFactory has a method annotated @Spawns(obstaculo)
	at com.almasb.fxgl.entity@17.3/com.almasb.fxgl.entity.level.tiled.TMXLevelLoader.load(TMXLevelLoader.kt:78)
	at com.almasb.fxgl.all@17.3/com.almasb.fxgl.app.services.FXGLAssetLoaderService.loadLevel(FXGLAssetLoaderService.kt:430)
	at com.almasb.fxgl.all@17.3/com.almasb.fxgl.dsl.FXGL$Companion.setLevelFromMap(FXGL.kt:634)
	at com.almasb.fxgl.all@17.3/com.almasb.fxgl.dsl.FXGL.setLevelFromMap(FXGL.kt)
	at Game.main/View.Maps.Map_1.MapLoader.loadMap(MapLoader.java:14)
	at Game.main/levels.level1.Level1.initLevel(Level1.java:28)
	at Game.main/App.MainApp.loadLevel(MainApp.java:228)
	at Game.main/App.MainApp.startNewGame(MainApp.java:215)
	at Game.main/App.MainApp.initGame(MainApp.java:65)
	at com.almasb.fxgl.all@17.3/com.almasb.fxgl.app.FXGLApplication$InitAppTask.initGame(FXGLApplication.kt:339)
	at com.almasb.fxgl.all@17.3/com.almasb.fxgl.app.FXGLApplication$InitAppTask.call(FXGLApplication.kt:319)
	at com.almasb.fxgl.all@17.3/com.almasb.fxgl.app.FXGLApplication$InitAppTask.call(FXGLApplication.kt:311)
	at javafx.graphics/javafx.concurrent.Task$TaskCallable.call(Task.java:1426)
	at java.base/java.util.concurrent.FutureTask.run(FutureTask.java:264)
	at java.base/java.util.concurrent.Executors$RunnableAdapter.call(Executors.java:539)
	at java.base/java.util.concurrent.FutureTask.run(FutureTask.java:264)
	at java.base/java.util.concurrent.ThreadPoolExecutor.runWorker(ThreadPoolExecutor.java:1136)
	at java.base/java.util.concurrent.ThreadPoolExecutor$Worker.run(ThreadPoolExecutor.java:635)
	... 1 more
Caused by: java.lang.IllegalArgumentException: No EntityFactory has a method annotated @Spawns(obstaculo)
	at com.almasb.fxgl.entity@17.3/com.almasb.fxgl.entity.GameWorld.create(GameWorld.kt:413)
	at com.almasb.fxgl.entity@17.3/com.almasb.fxgl.entity.level.tiled.TMXLevelLoader.createObjectLayerEntities(TMXLevelLoader.kt:155)
	at com.almasb.fxgl.entity@17.3/com.almasb.fxgl.entity.level.tiled.TMXLevelLoader.load(TMXLevelLoader.kt:60)
	... 18 more

15:12:38.417 [JavaFX Application Thread] FATAL FXGLApplication      - Application will now exit
15:12:38.431 [JavaFX Application Thread] DEBUG PrimaryStageWindow   - Push state: ErrorSubScene
15:12:38.431 [JavaFX Application Thread] DEBUG Input                - Clearing active input actions
15:12:38.439 [JavaFX Application Thread] DEBUG GameApplicationServi - Removing overlay from FXGLLoadingScene and adding to ErrorSubScene
15:12:38.440 [JavaFX Application Thread] DEBUG PrimaryStageWindow   - FXGLLoadingScene -> ErrorSubScene
15:12:39.456 [FXGL Background Thread 2 ] INFO  UpdaterService       - Your current version:  17.3
15:12:39.457 [FXGL Background Thread 2 ] INFO  UpdaterService       - Latest stable version: 21.1
15:12:41.008 [FXGL Background Thread 3 ] DEBUG Engine               - Logging environment variables
15:12:41.008 [FXGL Background Thread 3 ] DEBUG Engine               - achievements: []
15:12:41.008 [FXGL Background Thread 3 ] DEBUG Engine               - actualHeight: 720.0
15:12:41.008 [FXGL Background Thread 3 ] DEBUG Engine               - actualHeightProperty: ReadOnlyDoubleProperty [value: 720.0]
15:12:41.008 [FXGL Background Thread 3 ] DEBUG Engine               - actualWidth: 1325.0
15:12:41.008 [FXGL Background Thread 3 ] DEBUG Engine               - actualWidthProperty: ReadOnlyDoubleProperty [value: 1325.0]
15:12:41.008 [FXGL Background Thread 3 ] DEBUG Engine               - appIcon: fxgl_icon.png
15:12:41.008 [FXGL Background Thread 3 ] DEBUG Engine               - applicationMode: DEVELOPER
15:12:41.008 [FXGL Background Thread 3 ] DEBUG Engine               - cSSList: [fxgl_dark.css]
15:12:41.008 [FXGL Background Thread 3 ] DEBUG Engine               - collisionDetectionStrategy: BRUTE_FORCE
15:12:41.008 [FXGL Background Thread 3 ] DEBUG Engine               - configClass: Optional.empty
15:12:41.008 [FXGL Background Thread 3 ] DEBUG Engine               - credits: []
15:12:41.009 [FXGL Background Thread 3 ] DEBUG Engine               - defaultCursor: CursorInfo(imageName=fxgl_default_cursor.png, hotspotX=7.0, hotspotY=6.0)
15:12:41.009 [FXGL Background Thread 3 ] DEBUG Engine               - devBBoxColorProperty: ObjectProperty [value: 0xff0000ff]
15:12:41.009 [FXGL Background Thread 3 ] DEBUG Engine               - devEnableDebugCameraProperty: BooleanProperty [value: false]
15:12:41.009 [FXGL Background Thread 3 ] DEBUG Engine               - devSensorColorProperty: ObjectProperty [value: 0xffff00ff]
15:12:41.009 [FXGL Background Thread 3 ] DEBUG Engine               - devShowBBoxProperty: BooleanProperty [value: false]
15:12:41.009 [FXGL Background Thread 3 ] DEBUG Engine               - devShowPositionProperty: BooleanProperty [value: false]
15:12:41.009 [FXGL Background Thread 3 ] DEBUG Engine               - enabledMenuItems: []
15:12:41.009 [FXGL Background Thread 3 ] DEBUG Engine               - engineServices: [class com.almasb.fxgl.app.services.FXGLAssetLoaderService, class com.almasb.fxgl.app.FXGLApplication$GameApplicationService, class com.almasb.fxgl.app.services.FXGLDialogService, class com.almasb.fxgl.app.services.IOTaskExecutorService, class com.almasb.fxgl.io.FileSystemService, class com.almasb.fxgl.localization.LocalizationService, class com.almasb.fxgl.app.services.SystemBundleService, class com.almasb.fxgl.profile.SaveLoadService, class com.almasb.fxgl.ui.FXGLUIFactoryServiceProvider, class com.almasb.fxgl.ui.FXGLDialogFactoryServiceProvider, class com.almasb.fxgl.audio.AudioPlayer, class com.almasb.fxgl.notification.impl.NotificationServiceProvider, class com.almasb.fxgl.achievement.AchievementService, class com.almasb.fxgl.cutscene.CutsceneService, class com.almasb.fxgl.minigames.MiniGameService, class com.almasb.fxgl.net.NetService, class com.almasb.fxgl.app.services.UpdaterService, class com.almasb.fxgl.dev.DevService]
15:12:41.009 [FXGL Background Thread 3 ] DEBUG Engine               - fontGame: Abel-Regular.ttf
15:12:41.009 [FXGL Background Thread 3 ] DEBUG Engine               - fontMono: TerminalLandMono-Regular.otf
15:12:41.009 [FXGL Background Thread 3 ] DEBUG Engine               - fontSizeScaleUI: 1.0
15:12:41.009 [FXGL Background Thread 3 ] DEBUG Engine               - fontText: Courier-Prime.ttf
15:12:41.009 [FXGL Background Thread 3 ] DEBUG Engine               - fontUI: VarelaRound-Regular.ttf
15:12:41.009 [FXGL Background Thread 3 ] DEBUG Engine               - fullScreen: BooleanProperty [value: false]
15:12:41.009 [FXGL Background Thread 3 ] DEBUG Engine               - gameDifficulty: MEDIUM
15:12:41.009 [FXGL Background Thread 3 ] DEBUG Engine               - gameDifficultyProperty: ObjectProperty [value: MEDIUM]
15:12:41.009 [FXGL Background Thread 3 ] DEBUG Engine               - globalMusicVolume: 0.5
15:12:41.009 [FXGL Background Thread 3 ] DEBUG Engine               - globalMusicVolumeProperty: DoubleProperty [value: 0.5]
15:12:41.009 [FXGL Background Thread 3 ] DEBUG Engine               - globalSoundVolume: 0.5
15:12:41.009 [FXGL Background Thread 3 ] DEBUG Engine               - globalSoundVolumeProperty: DoubleProperty [value: 0.5]
15:12:41.010 [FXGL Background Thread 3 ] DEBUG Engine               - height: 800
15:12:41.010 [FXGL Background Thread 3 ] DEBUG Engine               - is3D: false
15:12:41.010 [FXGL Background Thread 3 ] DEBUG Engine               - isAndroid: false
15:12:41.010 [FXGL Background Thread 3 ] DEBUG Engine               - isBrowser: false
15:12:41.010 [FXGL Background Thread 3 ] DEBUG Engine               - isClickFeedbackEnabled: false
15:12:41.010 [FXGL Background Thread 3 ] DEBUG Engine               - isCloseConfirmation: false
15:12:41.010 [FXGL Background Thread 3 ] DEBUG Engine               - isDesktop: true
15:12:41.010 [FXGL Background Thread 3 ] DEBUG Engine               - isDeveloperMenuEnabled: false
15:12:41.010 [FXGL Background Thread 3 ] DEBUG Engine               - isEmbedded: false
15:12:41.010 [FXGL Background Thread 3 ] DEBUG Engine               - isEntityPreloadEnabled: true
15:12:41.010 [FXGL Background Thread 3 ] DEBUG Engine               - isExperimentalTiledLargeMap: false
15:12:41.010 [FXGL Background Thread 3 ] DEBUG Engine               - isFileSystemWriteAllowed: true
15:12:41.010 [FXGL Background Thread 3 ] DEBUG Engine               - isFullScreenAllowed: false
15:12:41.010 [FXGL Background Thread 3 ] DEBUG Engine               - isFullScreenFromStart: false
15:12:41.010 [FXGL Background Thread 3 ] DEBUG Engine               - isGameMenuEnabled: true
15:12:41.010 [FXGL Background Thread 3 ] DEBUG Engine               - isIOS: false
15:12:41.010 [FXGL Background Thread 3 ] DEBUG Engine               - isIntroEnabled: false
15:12:41.010 [FXGL Background Thread 3 ] DEBUG Engine               - isLinux: false
15:12:41.010 [FXGL Background Thread 3 ] DEBUG Engine               - isMac: false
15:12:41.010 [FXGL Background Thread 3 ] DEBUG Engine               - isMainMenuEnabled: false
15:12:41.010 [FXGL Background Thread 3 ] DEBUG Engine               - isManualResizeEnabled: false
15:12:41.010 [FXGL Background Thread 3 ] DEBUG Engine               - isMobile: false
15:12:41.010 [FXGL Background Thread 3 ] DEBUG Engine               - isNative: false
15:12:41.010 [FXGL Background Thread 3 ] DEBUG Engine               - isPauseMusicWhenMinimized: true
15:12:41.010 [FXGL Background Thread 3 ] DEBUG Engine               - isPreserveResizeRatio: false
15:12:41.010 [FXGL Background Thread 3 ] DEBUG Engine               - isProfilingEnabled: false
15:12:41.010 [FXGL Background Thread 3 ] DEBUG Engine               - isScaleAffectedOnResize: true
15:12:41.010 [FXGL Background Thread 3 ] DEBUG Engine               - isSingleStep: false
15:12:41.010 [FXGL Background Thread 3 ] DEBUG Engine               - isUserProfileEnabled: false
15:12:41.010 [FXGL Background Thread 3 ] DEBUG Engine               - isWindows: true
15:12:41.010 [FXGL Background Thread 3 ] DEBUG Engine               - language: ObjectProperty [value: ENGLISH]
15:12:41.010 [FXGL Background Thread 3 ] DEBUG Engine               - menuKey: ESCAPE
15:12:41.011 [FXGL Background Thread 3 ] DEBUG Engine               - mouseSensitivity: 0.2
15:12:41.011 [FXGL Background Thread 3 ] DEBUG Engine               - notificationViewClass: class com.almasb.fxgl.notification.view.XboxNotificationView
15:12:41.011 [FXGL Background Thread 3 ] DEBUG Engine               - pixelsPerMeter: 50.0
15:12:41.011 [FXGL Background Thread 3 ] DEBUG Engine               - platform: WINDOWS
15:12:41.011 [FXGL Background Thread 3 ] DEBUG Engine               - prefHeightProperty: ReadOnlyDoubleProperty [value: 800.0]
15:12:41.011 [FXGL Background Thread 3 ] DEBUG Engine               - prefWidthProperty: ReadOnlyDoubleProperty [value: 1500.0]
15:12:41.011 [FXGL Background Thread 3 ] DEBUG Engine               - profileDir: profiles/
15:12:41.011 [FXGL Background Thread 3 ] DEBUG Engine               - profileName: StringProperty [value: DEFAULT]
15:12:41.011 [FXGL Background Thread 3 ] DEBUG Engine               - randomSeed: -1
15:12:41.011 [FXGL Background Thread 3 ] DEBUG Engine               - runtimeInfo: RuntimeInfo(platform=WINDOWS, version=17.3, build=30.03.2023 11.49)
15:12:41.011 [FXGL Background Thread 3 ] DEBUG Engine               - saveFileExt: sav
15:12:41.012 [FXGL Background Thread 3 ] DEBUG Engine               - scaledHeightProp$fxgl: DoubleProperty [bound, value: 720.0]
15:12:41.012 [FXGL Background Thread 3 ] DEBUG Engine               - scaledWidthProp$fxgl: DoubleProperty [bound, value: 1325.0]
15:12:41.012 [FXGL Background Thread 3 ] DEBUG Engine               - sceneFactory: com.almasb.fxgl.app.scene.SceneFactory@67beffb5
15:12:41.012 [FXGL Background Thread 3 ] DEBUG Engine               - secondsIn24h: 60
15:12:41.012 [FXGL Background Thread 3 ] DEBUG Engine               - soundMenuBack: menu/back.wav
15:12:41.012 [FXGL Background Thread 3 ] DEBUG Engine               - soundMenuPress: menu/press.wav
15:12:41.012 [FXGL Background Thread 3 ] DEBUG Engine               - soundMenuSelect: menu/select.wav
15:12:41.012 [FXGL Background Thread 3 ] DEBUG Engine               - soundNotification: core/notification.wav
15:12:41.012 [FXGL Background Thread 3 ] DEBUG Engine               - stageStyle: DECORATED
15:12:41.013 [FXGL Background Thread 3 ] DEBUG Engine               - supportedLanguages: [ENGLISH, FRENCH, GERMAN, HUNGARIAN, RUSSIAN]
15:12:41.013 [FXGL Background Thread 3 ] DEBUG Engine               - ticksPerSecond: -1
15:12:41.013 [FXGL Background Thread 3 ] DEBUG Engine               - title: Galactic Odyssey
15:12:41.013 [FXGL Background Thread 3 ] DEBUG Engine               - urlGithub: https://github.com/AlmasB/FXGL
15:12:41.013 [FXGL Background Thread 3 ] DEBUG Engine               - urlLeaderboard: http://fxgl-top.herokuapp.com/
15:12:41.013 [FXGL Background Thread 3 ] DEBUG Engine               - urlPOM: https://raw.githubusercontent.com/AlmasB/FXGL/release/README.md
15:12:41.013 [FXGL Background Thread 3 ] DEBUG Engine               - userAppClass: class App.MainApp
15:12:41.013 [FXGL Background Thread 3 ] DEBUG Engine               - version: 0.0
15:12:41.013 [FXGL Background Thread 3 ] DEBUG Engine               - versionCheckDays: 7
15:12:41.013 [FXGL Background Thread 3 ] DEBUG Engine               - width: 1500
15:12:41.014 [FXGL Background Thread 3 ] DEBUG Engine               - Logging services
15:12:41.014 [FXGL Background Thread 3 ] DEBUG Engine               - class com.almasb.fxgl.app.services.FXGLAssetLoaderService
15:12:41.014 [FXGL Background Thread 3 ] DEBUG Engine               - class com.almasb.fxgl.app.FXGLApplication$GameApplicationService
15:12:41.014 [FXGL Background Thread 3 ] DEBUG Engine               - class com.almasb.fxgl.app.services.FXGLDialogService
15:12:41.014 [FXGL Background Thread 3 ] DEBUG Engine               - class com.almasb.fxgl.app.services.IOTaskExecutorService
15:12:41.014 [FXGL Background Thread 3 ] DEBUG Engine               - class com.almasb.fxgl.io.FileSystemService
15:12:41.014 [FXGL Background Thread 3 ] DEBUG Engine               - class com.almasb.fxgl.localization.LocalizationService
15:12:41.014 [FXGL Background Thread 3 ] DEBUG Engine               - class com.almasb.fxgl.app.services.SystemBundleService
15:12:41.014 [FXGL Background Thread 3 ] DEBUG Engine               - class com.almasb.fxgl.profile.SaveLoadService
15:12:41.014 [FXGL Background Thread 3 ] DEBUG Engine               - class com.almasb.fxgl.ui.FXGLUIFactoryServiceProvider
15:12:41.015 [FXGL Background Thread 3 ] DEBUG Engine               - class com.almasb.fxgl.ui.FXGLDialogFactoryServiceProvider
15:12:41.015 [FXGL Background Thread 3 ] DEBUG Engine               - class com.almasb.fxgl.audio.AudioPlayer
15:12:41.015 [FXGL Background Thread 3 ] DEBUG Engine               - class com.almasb.fxgl.notification.impl.NotificationServiceProvider
15:12:41.015 [FXGL Background Thread 3 ] DEBUG Engine               - class com.almasb.fxgl.achievement.AchievementService
15:12:41.015 [FXGL Background Thread 3 ] DEBUG Engine               - class com.almasb.fxgl.cutscene.CutsceneService
15:12:41.015 [FXGL Background Thread 3 ] DEBUG Engine               - class com.almasb.fxgl.minigames.MiniGameService
15:12:41.015 [FXGL Background Thread 3 ] DEBUG Engine               - class com.almasb.fxgl.net.NetService
15:12:41.015 [FXGL Background Thread 3 ] DEBUG Engine               - class com.almasb.fxgl.app.services.UpdaterService
15:12:41.015 [FXGL Background Thread 3 ] DEBUG Engine               - class com.almasb.fxgl.dev.DevService
15:12:43.710 [JavaFX Application Thread] DEBUG FXGLApplication      - Exiting FXGL
15:12:43.710 [JavaFX Application Thread] DEBUG Async                - Shutting down background threads
15:12:43.711 [JavaFX Application Thread] DEBUG PrimaryStageWindow   - Closing main window
15:12:43.737 [JavaFX Application Thread] DEBUG Logger               - Closing Logger
