15:16:02.723 [main                     ] DEBUG Logger               - Configured Logger
15:16:02.745 [main                     ] DEBUG GameApplication      - Logging settings
Title: Galactic Odyssey
Version: 0.0
Width: 1500
Height: 800
Fullscreen: false
Intro: false
Profiling: false
Single step:false
App Mode: DEVELOPER
Menu Key: ESCAPE
Stage Style: DECORATED
Scene Factory: class com.almasb.fxgl.app.scene.SceneFactory

15:16:02.988 [JavaFX Application Thread] DEBUG FXGLApplication      - Initializing FXGL
15:16:02.994 [JavaFX Application Thread] INFO  Engine               - FXGL-17.3 (30.03.2023 11.49) on WINDOWS (J:17.0.12 FX:17.0.2-ea)
15:16:02.994 [JavaFX Application Thread] DEBUG Engine               - JRE Vendor Name: Oracle Corporation
15:16:02.994 [JavaFX Application Thread] DEBUG Engine               - Running on OS: Windows 11 version 10.0
15:16:02.995 [JavaFX Application Thread] DEBUG Engine               - Architecture: amd64
15:16:02.995 [JavaFX Application Thread] INFO  Engine               - Source code and latest versions at: https://github.com/AlmasB/FXGL
15:16:02.995 [JavaFX Application Thread] INFO  Engine               -       Ask questions and discuss at: https://github.com/AlmasB/FXGL/discussions
15:16:02.995 [JavaFX Application Thread] INFO  Engine               -              Join the FXGL chat at: https://gitter.im/AlmasB/FXGL
15:16:03.061 [JavaFX Application Thread] DEBUG PrimaryStageWindow   - Creating a JavaFX scene
15:16:03.062 [JavaFX Application Thread] DEBUG PrimaryStageWindow   - Target size > screen size
15:16:03.089 [JavaFX Application Thread] DEBUG PrimaryStageWindow   - Target settings size: 1500.0 x 800.0
15:16:03.089 [JavaFX Application Thread] DEBUG PrimaryStageWindow   - Scaled scene size:    1325.0 x 720.0
15:16:03.089 [JavaFX Application Thread] DEBUG PrimaryStageWindow   - Scaled ratio: (0.8833333333333333, 0.9)
15:16:03.090 [JavaFX Application Thread] DEBUG PrimaryStageWindow   - Set initial scene to FXGLStartupScene
15:16:03.098 [JavaFX Application Thread] DEBUG PrimaryStageWindow   - Opening main window
15:16:03.163 [JavaFX Application Thread] DEBUG PrimaryStageWindow   - Window border size: (16.0, 39.0)
15:16:03.163 [JavaFX Application Thread] DEBUG PrimaryStageWindow   - Scaled size: 1325.0 x 720.0
15:16:03.163 [JavaFX Application Thread] DEBUG PrimaryStageWindow   - Scaled ratio: (0.8833333333333333, 0.9)
15:16:03.164 [JavaFX Application Thread] DEBUG PrimaryStageWindow   - Scene size: 1325.0 x 720.0
15:16:03.164 [JavaFX Application Thread] DEBUG PrimaryStageWindow   - Stage size: 1341.0 x 759.0
15:16:03.169 [FXGL Background Thread 1 ] DEBUG Engine               - Initializing environment variables
15:16:03.215 [FXGL Background Thread 1 ] DEBUG FXGLAssetLoaderServi - User app class for loading assets: class App.MainApp
15:16:03.216 [FXGL Background Thread 1 ] DEBUG GameApplicationServi - Applying CSS: fxgl_dark.css
15:16:03.217 [FXGL Background Thread 1 ] DEBUG FXGLAssetLoaderServi - Loading from file system: jar:file:///C:/Users/Johan/.m2/repository/com/github/AlmasB/fxgl/17.3/fxgl-17.3.jar!/fxglassets/ui/css/fxgl_dark.css
15:16:03.263 [FXGL Background Thread 1 ] DEBUG GameApplicationServi - Initializing application scenes
15:16:03.311 [FXGL Background Thread 1 ] DEBUG GameWorld            - Game world initialized
15:16:03.377 [FXGL Background Thread 1 ] DEBUG PhysicsWorld         - Physics world initialized: appHeight=800, physics.ppm=50.0
15:16:03.377 [FXGL Background Thread 1 ] DEBUG PhysicsWorld         - Using strategy: BRUTE_FORCE
15:16:03.382 [FXGL Background Thread 1 ] DEBUG GameScene            - Game scene initialized: 1500x800
15:16:03.391 [FXGL Background Thread 1 ] DEBUG FXGL.DefaultMenu     - createMenuBodyGameMenu()
15:16:03.403 [FXGL Background Thread 1 ] DEBUG FXGL.DefaultMenu     - createOptionsMenu()
15:16:03.409 [FXGL Background Thread 1 ] DEBUG FXGLAssetLoaderServi - Loading from file system: jar:file:///C:/Users/Johan/.m2/repository/com/github/AlmasB/fxgl/17.3/fxgl-17.3.jar!/fxglassets/textures/particles/smoke.png
15:16:03.486 [FXGL Background Thread 1 ] DEBUG FXGLAssetLoaderServi - Loading from file system: jar:file:///C:/Users/Johan/.m2/repository/com/github/AlmasB/fxgl/17.3/fxgl-17.3.jar!/fxglassets/textures/particles/trace_horizontal.png
15:16:03.510 [FXGL Background Thread 1 ] DEBUG GameApplicationServi - Application scenes initialized
15:16:03.527 [FXGL Background Thread 1 ] DEBUG SystemBundleService  - Loading FXGL system data
15:16:03.533 [FXGL Background Thread 1 ] DEBUG FileSystemAccess     - Reading from: C:\UNI\lorenzo.alvarado-Proyecto-Final-DPOO-2025\system\fxgl.bundle
15:16:03.537 [FXGL Background Thread 1 ] DEBUG SystemBundleService  - Bundle FXGL: {}
15:16:03.537 [FXGL Background Thread 1 ] DEBUG UpdaterService       - Checking for updates
15:16:03.541 [FXGL Background Thread 4 ] DEBUG FXGLApplication      - Loading fonts
15:16:03.542 [FXGL Background Thread 4 ] DEBUG FXGLAssetLoaderServi - Loading from file system: jar:file:///C:/Users/Johan/.m2/repository/com/github/AlmasB/fxgl/17.3/fxgl-17.3.jar!/fxglassets/ui/fonts/VarelaRound-Regular.ttf
15:16:03.542 [FXGL Background Thread 1 ] DEBUG FXGLApplication      - Loading default localization
15:16:03.543 [FXGL Background Thread 1 ] DEBUG FXGLAssetLoaderServi - Loading from file system: jar:file:///C:/Users/Johan/.m2/repository/com/github/AlmasB/fxgl/17.3/fxgl-17.3.jar!/fxglassets/languages/english.lang
15:16:03.572 [FXGL Background Thread 1 ] INFO  FXGLApplication      - FXGL initialization took: 0.402 sec
15:16:03.582 [JavaFX Application Thread] DEBUG Input                - Registered new binding: Move Left - A
15:16:03.582 [JavaFX Application Thread] DEBUG Input                - Registered new binding: Move Right - D
15:16:03.582 [JavaFX Application Thread] DEBUG Input                - Registered new binding: Move Up - W
15:16:03.583 [JavaFX Application Thread] DEBUG Input                - Registered new binding: Move Down - S
15:16:03.583 [JavaFX Application Thread] DEBUG Input                - Registered new binding: End Turn - Enter
15:16:03.584 [JavaFX Application Thread] DEBUG Input                - Registered new binding: Hero Attack - LMB
15:16:03.585 [JavaFX Application Thread] DEBUG Input                - Registered new binding: Special Ability - RMB
15:16:03.585 [JavaFX Application Thread] DEBUG FXGLAssetLoaderServi - Loading from file system: jar:file:///C:/Users/Johan/.m2/repository/com/github/AlmasB/fxgl/17.3/fxgl-17.3.jar!/fxglassets/textures/fxgl_icon.png
15:16:03.605 [JavaFX Application Thread] DEBUG FXGLAssetLoaderServi - Loading from file system: jar:file:///C:/Users/Johan/.m2/repository/com/github/AlmasB/fxgl/17.3/fxgl-17.3.jar!/fxglassets/textures/fxgl_default_cursor.png
15:16:03.610 [JavaFX Application Thread] DEBUG Input                - Registered new binding: Screenshot - CTRL+8
15:16:03.611 [JavaFX Application Thread] DEBUG Input                - Registered new binding: System info dump - CTRL+9
15:16:03.611 [JavaFX Application Thread] DEBUG Input                - Registered new binding: Restart - CTRL+R
15:16:03.612 [FXGL Background Thread 4 ] DEBUG FXGLAssetLoaderServi - Loading from file system: jar:file:///C:/Users/Johan/.m2/repository/com/github/AlmasB/fxgl/17.3/fxgl-17.3.jar!/fxglassets/ui/fonts/Abel-Regular.ttf
15:16:03.613 [JavaFX Application Thread] DEBUG Input                - Registered new binding: Toggle Debug Camera - CTRL+7
15:16:03.615 [FXGL Background Thread 4 ] DEBUG FXGLAssetLoaderServi - Loading from file system: jar:file:///C:/Users/Johan/.m2/repository/com/github/AlmasB/fxgl/17.3/fxgl-17.3.jar!/fxglassets/ui/fonts/TerminalLandMono-Regular.otf
15:16:03.617 [FXGL Background Thread 4 ] DEBUG FXGLAssetLoaderServi - Loading from file system: jar:file:///C:/Users/Johan/.m2/repository/com/github/AlmasB/fxgl/17.3/fxgl-17.3.jar!/fxglassets/ui/fonts/Courier-Prime.ttf
15:16:03.619 [JavaFX Application Thread] DEBUG LoopRunner           - Starting loop
15:16:03.619 [JavaFX Application Thread] DEBUG LoopRunner           - Initializing JavaFX AnimationTimerLoop
15:16:03.621 [JavaFX Application Thread] DEBUG GameApplicationServi - Starting new game
15:16:03.622 [JavaFX Application Thread] DEBUG Input                - Clearing active input actions
15:16:03.630 [JavaFX Application Thread] DEBUG GameApplicationServi - Removing overlay from FXGLStartupScene and adding to FXGLLoadingScene
15:16:03.631 [JavaFX Application Thread] DEBUG PrimaryStageWindow   - FXGLStartupScene -> FXGLLoadingScene
15:16:03.631 [JavaFX Application Thread] DEBUG GameApplicationServi - Clearing previous game
15:16:03.631 [JavaFX Application Thread] DEBUG GameScene            - Clearing game scene
15:16:03.631 [JavaFX Application Thread] DEBUG GameWorld            - Clearing game world
15:16:03.631 [JavaFX Application Thread] DEBUG PhysicsWorld         - Clearing physics world
15:16:03.633 [JavaFX Application Thread] DEBUG FXGLApplication      - Registering font factories with UI factory
15:16:03.633 [FXGL Background Thread 4 ] DEBUG FXGLApplication      - Initializing game
15:16:03.703 [FXGL Background Thread 4 ] WARN  TMXLevelLoader       - TiledMap generated from 1.11.2. Supported version: 1.9.0. Some features may not be parsed fully.
15:16:03.752 [FXGL Background Thread 4 ] DEBUG TMXLevelLoader       - Parsed TiledMap: file:/C:/UNI/lorenzo.alvarado-Proyecto-Final-DPOO-2025/Galactic%20odyssey/target/classes/assets/levels/MapGame1.tmx
15:16:03.754 [FXGL Background Thread 4 ] DEBUG TMXLevelLoader       - Creating tile layer entities
15:16:03.757 [FXGL Background Thread 4 ] DEBUG TilesetLoader        - Loading view for layer Espacio
15:16:03.760 [FXGL Background Thread 4 ] DEBUG TilesetLoader        - Created buffer with size 1920.0x960.0
15:16:03.813 [FXGL Background Thread 4 ] DEBUG TilesetLoader        - Loading view for layer Planetas
15:16:03.828 [FXGL Background Thread 4 ] DEBUG TilesetLoader        - Created buffer with size 1920.0x960.0
15:16:03.829 [FXGL Background Thread 4 ] DEBUG TilesetLoader        - Loading view for layer Suelo
15:16:03.836 [FXGL Background Thread 4 ] DEBUG TilesetLoader        - Created buffer with size 1920.0x960.0
15:16:03.842 [FXGL Background Thread 4 ] DEBUG TilesetLoader        - Loading view for layer Suelo ruinas
15:16:03.844 [FXGL Background Thread 4 ] DEBUG TilesetLoader        - Created buffer with size 1920.0x960.0
15:16:03.845 [FXGL Background Thread 4 ] DEBUG TilesetLoader        - Loading view for layer Torres ruinas
15:16:03.848 [FXGL Background Thread 4 ] DEBUG TilesetLoader        - Created buffer with size 1920.0x960.0
15:16:03.905 [FXGL Background Thread 4 ] DEBUG TilesetLoader        - Loading view for layer Cristales espaciales
15:16:03.907 [FXGL Background Thread 4 ] DEBUG TilesetLoader        - Created buffer with size 1920.0x960.0
15:16:03.908 [FXGL Background Thread 4 ] DEBUG TilesetLoader        - Loading view for layer Rocas1
15:16:03.910 [FXGL Background Thread 4 ] DEBUG TilesetLoader        - Created buffer with size 1920.0x960.0
15:16:03.940 [FXGL Background Thread 4 ] DEBUG TilesetLoader        - Loading view for layer Muro
15:16:03.943 [FXGL Background Thread 4 ] DEBUG TilesetLoader        - Created buffer with size 1920.0x960.0
15:16:03.944 [FXGL Background Thread 4 ] DEBUG TilesetLoader        - Loading view for layer Rocas
15:16:03.950 [FXGL Background Thread 4 ] DEBUG TilesetLoader        - Created buffer with size 1920.0x960.0
15:16:03.955 [FXGL Background Thread 4 ] DEBUG TilesetLoader        - Loading view for layer Rocas2
15:16:03.971 [FXGL Background Thread 4 ] DEBUG TilesetLoader        - Created buffer with size 1920.0x960.0
15:16:03.973 [FXGL Background Thread 4 ] DEBUG TilesetLoader        - Loading view for layer Naves
15:16:03.994 [FXGL Background Thread 4 ] DEBUG TilesetLoader        - Created buffer with size 1920.0x960.0
15:16:03.995 [FXGL Background Thread 4 ] DEBUG TilesetLoader        - Loading view for layer Objetos
15:16:04.016 [FXGL Background Thread 4 ] DEBUG TilesetLoader        - Created buffer with size 1920.0x960.0
15:16:04.017 [FXGL Background Thread 4 ] DEBUG TMXLevelLoader       - Creating object layer entities
15:16:04.039 [FXGL Background Thread 4 ] DEBUG GameWorld            - Clearing removable entities
15:16:04.040 [FXGL Background Thread 4 ] DEBUG GameWorld            - Setting level: com.almasb.fxgl.entity.level.Level@31afa80e
15:16:04.048 [FXGL Background Thread 4 ] DEBUG FXGLAssetLoaderServi - Loading from file system: file:/C:/UNI/lorenzo.alvarado-Proyecto-Final-DPOO-2025/Galactic%20odyssey/target/classes/assets/textures/personaje.png
15:16:04.053 [FXGL Background Thread 4 ] DEBUG FXGLAssetLoaderServi - Loading from file system: file:/C:/UNI/lorenzo.alvarado-Proyecto-Final-DPOO-2025/Galactic%20odyssey/target/classes/assets/textures/combatDrone.png
15:16:04.093 [FXGL Background Thread 4 ] DEBUG FXGLAssetLoaderServi - Loading from file system: file:/C:/UNI/lorenzo.alvarado-Proyecto-Final-DPOO-2025/Galactic%20odyssey/target/classes/assets/textures/menu_background.png
15:16:04.121 [FXGL Background Thread 4 ] INFO  FXGLApplication      - Game initialization took: 0.488 sec
15:16:04.132 [JavaFX Application Thread] DEBUG Input                - Clearing active input actions
15:16:04.146 [JavaFX Application Thread] DEBUG GameApplicationServi - Removing overlay from FXGLLoadingScene and adding to GameScene
15:16:04.146 [JavaFX Application Thread] DEBUG PrimaryStageWindow   - FXGLLoadingScene -> GameScene
15:16:04.966 [FXGL Background Thread 2 ] INFO  UpdaterService       - Your current version:  17.3
15:16:04.966 [FXGL Background Thread 2 ] INFO  UpdaterService       - Latest stable version: 21.1
15:16:05.366 [JavaFX Application Thread] WARN  TMXLevelLoader       - TiledMap generated from 1.11.2. Supported version: 1.9.0. Some features may not be parsed fully.
15:16:05.386 [JavaFX Application Thread] DEBUG TMXLevelLoader       - Parsed TiledMap: file:/C:/UNI/lorenzo.alvarado-Proyecto-Final-DPOO-2025/Galactic%20odyssey/target/classes/assets/levels/MapGame1.tmx
15:16:05.386 [JavaFX Application Thread] DEBUG TMXLevelLoader       - Creating tile layer entities
15:16:05.386 [JavaFX Application Thread] DEBUG TilesetLoader        - Loading view for layer Espacio
15:16:05.406 [JavaFX Application Thread] DEBUG TilesetLoader        - Created buffer with size 1920.0x960.0
15:16:05.435 [JavaFX Application Thread] DEBUG TilesetLoader        - Loading view for layer Planetas
15:16:05.454 [JavaFX Application Thread] DEBUG TilesetLoader        - Created buffer with size 1920.0x960.0
15:16:05.455 [JavaFX Application Thread] DEBUG TilesetLoader        - Loading view for layer Suelo
15:16:05.465 [JavaFX Application Thread] DEBUG TilesetLoader        - Created buffer with size 1920.0x960.0
15:16:05.467 [JavaFX Application Thread] DEBUG TilesetLoader        - Loading view for layer Suelo ruinas
15:16:05.475 [JavaFX Application Thread] DEBUG TilesetLoader        - Created buffer with size 1920.0x960.0
15:16:05.476 [JavaFX Application Thread] DEBUG TilesetLoader        - Loading view for layer Torres ruinas
15:16:05.484 [JavaFX Application Thread] DEBUG TilesetLoader        - Created buffer with size 1920.0x960.0
15:16:05.502 [JavaFX Application Thread] DEBUG TilesetLoader        - Loading view for layer Cristales espaciales
15:16:05.518 [JavaFX Application Thread] DEBUG TilesetLoader        - Created buffer with size 1920.0x960.0
15:16:05.518 [JavaFX Application Thread] DEBUG TilesetLoader        - Loading view for layer Rocas1
15:16:05.531 [JavaFX Application Thread] DEBUG TilesetLoader        - Created buffer with size 1920.0x960.0
15:16:05.559 [JavaFX Application Thread] DEBUG TilesetLoader        - Loading view for layer Muro
15:16:05.569 [JavaFX Application Thread] DEBUG TilesetLoader        - Created buffer with size 1920.0x960.0
15:16:05.570 [JavaFX Application Thread] DEBUG TilesetLoader        - Loading view for layer Rocas
15:16:05.582 [JavaFX Application Thread] DEBUG TilesetLoader        - Created buffer with size 1920.0x960.0
15:16:05.583 [JavaFX Application Thread] DEBUG TilesetLoader        - Loading view for layer Rocas2
15:16:05.591 [JavaFX Application Thread] DEBUG TilesetLoader        - Created buffer with size 1920.0x960.0
15:16:05.592 [JavaFX Application Thread] DEBUG TilesetLoader        - Loading view for layer Naves
15:16:05.604 [JavaFX Application Thread] DEBUG TilesetLoader        - Created buffer with size 1920.0x960.0
15:16:05.604 [JavaFX Application Thread] DEBUG TilesetLoader        - Loading view for layer Objetos
15:16:05.621 [JavaFX Application Thread] DEBUG TilesetLoader        - Created buffer with size 1920.0x960.0
15:16:05.621 [JavaFX Application Thread] DEBUG TMXLevelLoader       - Creating object layer entities
15:16:05.631 [JavaFX Application Thread] DEBUG GameWorld            - Clearing removable entities
15:16:05.635 [JavaFX Application Thread] DEBUG GameWorld            - Setting level: com.almasb.fxgl.entity.level.Level@50dd20d9
15:16:06.541 [FXGL Background Thread 3 ] DEBUG Engine               - Logging environment variables
15:16:06.541 [FXGL Background Thread 3 ] DEBUG Engine               - achievements: []
15:16:06.542 [FXGL Background Thread 3 ] DEBUG Engine               - actualHeight: 720.0
15:16:06.542 [FXGL Background Thread 3 ] DEBUG Engine               - actualHeightProperty: ReadOnlyDoubleProperty [value: 720.0]
15:16:06.542 [FXGL Background Thread 3 ] DEBUG Engine               - actualWidth: 1325.0
15:16:06.542 [FXGL Background Thread 3 ] DEBUG Engine               - actualWidthProperty: ReadOnlyDoubleProperty [value: 1325.0]
15:16:06.542 [FXGL Background Thread 3 ] DEBUG Engine               - appIcon: fxgl_icon.png
15:16:06.542 [FXGL Background Thread 3 ] DEBUG Engine               - applicationMode: DEVELOPER
15:16:06.542 [FXGL Background Thread 3 ] DEBUG Engine               - cSSList: [fxgl_dark.css]
15:16:06.542 [FXGL Background Thread 3 ] DEBUG Engine               - collisionDetectionStrategy: BRUTE_FORCE
15:16:06.542 [FXGL Background Thread 3 ] DEBUG Engine               - configClass: Optional.empty
15:16:06.542 [FXGL Background Thread 3 ] DEBUG Engine               - credits: []
15:16:06.542 [FXGL Background Thread 3 ] DEBUG Engine               - defaultCursor: CursorInfo(imageName=fxgl_default_cursor.png, hotspotX=7.0, hotspotY=6.0)
15:16:06.542 [FXGL Background Thread 3 ] DEBUG Engine               - devBBoxColorProperty: ObjectProperty [value: 0xff0000ff]
15:16:06.542 [FXGL Background Thread 3 ] DEBUG Engine               - devEnableDebugCameraProperty: BooleanProperty [value: false]
15:16:06.542 [FXGL Background Thread 3 ] DEBUG Engine               - devSensorColorProperty: ObjectProperty [value: 0xffff00ff]
15:16:06.543 [FXGL Background Thread 3 ] DEBUG Engine               - devShowBBoxProperty: BooleanProperty [value: false]
15:16:06.543 [FXGL Background Thread 3 ] DEBUG Engine               - devShowPositionProperty: BooleanProperty [value: false]
15:16:06.543 [FXGL Background Thread 3 ] DEBUG Engine               - enabledMenuItems: []
15:16:06.543 [FXGL Background Thread 3 ] DEBUG Engine               - engineServices: [class com.almasb.fxgl.app.services.FXGLAssetLoaderService, class com.almasb.fxgl.app.FXGLApplication$GameApplicationService, class com.almasb.fxgl.app.services.FXGLDialogService, class com.almasb.fxgl.app.services.IOTaskExecutorService, class com.almasb.fxgl.io.FileSystemService, class com.almasb.fxgl.localization.LocalizationService, class com.almasb.fxgl.app.services.SystemBundleService, class com.almasb.fxgl.profile.SaveLoadService, class com.almasb.fxgl.ui.FXGLUIFactoryServiceProvider, class com.almasb.fxgl.ui.FXGLDialogFactoryServiceProvider, class com.almasb.fxgl.audio.AudioPlayer, class com.almasb.fxgl.notification.impl.NotificationServiceProvider, class com.almasb.fxgl.achievement.AchievementService, class com.almasb.fxgl.cutscene.CutsceneService, class com.almasb.fxgl.minigames.MiniGameService, class com.almasb.fxgl.net.NetService, class com.almasb.fxgl.app.services.UpdaterService, class com.almasb.fxgl.dev.DevService]
15:16:06.543 [FXGL Background Thread 3 ] DEBUG Engine               - fontGame: Abel-Regular.ttf
15:16:06.543 [FXGL Background Thread 3 ] DEBUG Engine               - fontMono: TerminalLandMono-Regular.otf
15:16:06.543 [FXGL Background Thread 3 ] DEBUG Engine               - fontSizeScaleUI: 1.0
15:16:06.543 [FXGL Background Thread 3 ] DEBUG Engine               - fontText: Courier-Prime.ttf
15:16:06.543 [FXGL Background Thread 3 ] DEBUG Engine               - fontUI: VarelaRound-Regular.ttf
15:16:06.543 [FXGL Background Thread 3 ] DEBUG Engine               - fullScreen: BooleanProperty [value: false]
15:16:06.543 [FXGL Background Thread 3 ] DEBUG Engine               - gameDifficulty: MEDIUM
15:16:06.543 [FXGL Background Thread 3 ] DEBUG Engine               - gameDifficultyProperty: ObjectProperty [value: MEDIUM]
15:16:06.543 [FXGL Background Thread 3 ] DEBUG Engine               - globalMusicVolume: 0.5
15:16:06.543 [FXGL Background Thread 3 ] DEBUG Engine               - globalMusicVolumeProperty: DoubleProperty [value: 0.5]
15:16:06.543 [FXGL Background Thread 3 ] DEBUG Engine               - globalSoundVolume: 0.5
15:16:06.543 [FXGL Background Thread 3 ] DEBUG Engine               - globalSoundVolumeProperty: DoubleProperty [value: 0.5]
15:16:06.543 [FXGL Background Thread 3 ] DEBUG Engine               - height: 800
15:16:06.543 [FXGL Background Thread 3 ] DEBUG Engine               - is3D: false
15:16:06.543 [FXGL Background Thread 3 ] DEBUG Engine               - isAndroid: false
15:16:06.543 [FXGL Background Thread 3 ] DEBUG Engine               - isBrowser: false
15:16:06.543 [FXGL Background Thread 3 ] DEBUG Engine               - isClickFeedbackEnabled: false
15:16:06.543 [FXGL Background Thread 3 ] DEBUG Engine               - isCloseConfirmation: false
15:16:06.543 [FXGL Background Thread 3 ] DEBUG Engine               - isDesktop: true
15:16:06.543 [FXGL Background Thread 3 ] DEBUG Engine               - isDeveloperMenuEnabled: false
15:16:06.543 [FXGL Background Thread 3 ] DEBUG Engine               - isEmbedded: false
15:16:06.543 [FXGL Background Thread 3 ] DEBUG Engine               - isEntityPreloadEnabled: true
15:16:06.543 [FXGL Background Thread 3 ] DEBUG Engine               - isExperimentalTiledLargeMap: false
15:16:06.543 [FXGL Background Thread 3 ] DEBUG Engine               - isFileSystemWriteAllowed: true
15:16:06.543 [FXGL Background Thread 3 ] DEBUG Engine               - isFullScreenAllowed: false
15:16:06.543 [FXGL Background Thread 3 ] DEBUG Engine               - isFullScreenFromStart: false
15:16:06.544 [FXGL Background Thread 3 ] DEBUG Engine               - isGameMenuEnabled: true
15:16:06.544 [FXGL Background Thread 3 ] DEBUG Engine               - isIOS: false
15:16:06.544 [FXGL Background Thread 3 ] DEBUG Engine               - isIntroEnabled: false
15:16:06.544 [FXGL Background Thread 3 ] DEBUG Engine               - isLinux: false
15:16:06.544 [FXGL Background Thread 3 ] DEBUG Engine               - isMac: false
15:16:06.544 [FXGL Background Thread 3 ] DEBUG Engine               - isMainMenuEnabled: false
15:16:06.544 [FXGL Background Thread 3 ] DEBUG Engine               - isManualResizeEnabled: false
15:16:06.544 [FXGL Background Thread 3 ] DEBUG Engine               - isMobile: false
15:16:06.544 [FXGL Background Thread 3 ] DEBUG Engine               - isNative: false
15:16:06.544 [FXGL Background Thread 3 ] DEBUG Engine               - isPauseMusicWhenMinimized: true
15:16:06.544 [FXGL Background Thread 3 ] DEBUG Engine               - isPreserveResizeRatio: false
15:16:06.544 [FXGL Background Thread 3 ] DEBUG Engine               - isProfilingEnabled: false
15:16:06.544 [FXGL Background Thread 3 ] DEBUG Engine               - isScaleAffectedOnResize: true
15:16:06.544 [FXGL Background Thread 3 ] DEBUG Engine               - isSingleStep: false
15:16:06.544 [FXGL Background Thread 3 ] DEBUG Engine               - isUserProfileEnabled: false
15:16:06.544 [FXGL Background Thread 3 ] DEBUG Engine               - isWindows: true
15:16:06.544 [FXGL Background Thread 3 ] DEBUG Engine               - language: ObjectProperty [value: ENGLISH]
15:16:06.544 [FXGL Background Thread 3 ] DEBUG Engine               - menuKey: ESCAPE
15:16:06.544 [FXGL Background Thread 3 ] DEBUG Engine               - mouseSensitivity: 0.2
15:16:06.544 [FXGL Background Thread 3 ] DEBUG Engine               - notificationViewClass: class com.almasb.fxgl.notification.view.XboxNotificationView
15:16:06.544 [FXGL Background Thread 3 ] DEBUG Engine               - pixelsPerMeter: 50.0
15:16:06.544 [FXGL Background Thread 3 ] DEBUG Engine               - platform: WINDOWS
15:16:06.544 [FXGL Background Thread 3 ] DEBUG Engine               - prefHeightProperty: ReadOnlyDoubleProperty [value: 800.0]
15:16:06.544 [FXGL Background Thread 3 ] DEBUG Engine               - prefWidthProperty: ReadOnlyDoubleProperty [value: 1500.0]
15:16:06.544 [FXGL Background Thread 3 ] DEBUG Engine               - profileDir: profiles/
15:16:06.544 [FXGL Background Thread 3 ] DEBUG Engine               - profileName: StringProperty [value: DEFAULT]
15:16:06.544 [FXGL Background Thread 3 ] DEBUG Engine               - randomSeed: -1
15:16:06.544 [FXGL Background Thread 3 ] DEBUG Engine               - runtimeInfo: RuntimeInfo(platform=WINDOWS, version=17.3, build=30.03.2023 11.49)
15:16:06.545 [FXGL Background Thread 3 ] DEBUG Engine               - saveFileExt: sav
15:16:06.545 [FXGL Background Thread 3 ] DEBUG Engine               - scaledHeightProp$fxgl: DoubleProperty [bound, value: 720.0]
15:16:06.545 [FXGL Background Thread 3 ] DEBUG Engine               - scaledWidthProp$fxgl: DoubleProperty [bound, value: 1325.0]
15:16:06.545 [FXGL Background Thread 3 ] DEBUG Engine               - sceneFactory: com.almasb.fxgl.app.scene.SceneFactory@67003700
15:16:06.545 [FXGL Background Thread 3 ] DEBUG Engine               - secondsIn24h: 60
15:16:06.545 [FXGL Background Thread 3 ] DEBUG Engine               - soundMenuBack: menu/back.wav
15:16:06.545 [FXGL Background Thread 3 ] DEBUG Engine               - soundMenuPress: menu/press.wav
15:16:06.545 [FXGL Background Thread 3 ] DEBUG Engine               - soundMenuSelect: menu/select.wav
15:16:06.545 [FXGL Background Thread 3 ] DEBUG Engine               - soundNotification: core/notification.wav
15:16:06.545 [FXGL Background Thread 3 ] DEBUG Engine               - stageStyle: DECORATED
15:16:06.545 [FXGL Background Thread 3 ] DEBUG Engine               - supportedLanguages: [ENGLISH, FRENCH, GERMAN, HUNGARIAN, RUSSIAN]
15:16:06.545 [FXGL Background Thread 3 ] DEBUG Engine               - ticksPerSecond: -1
15:16:06.545 [FXGL Background Thread 3 ] DEBUG Engine               - title: Galactic Odyssey
15:16:06.545 [FXGL Background Thread 3 ] DEBUG Engine               - urlGithub: https://github.com/AlmasB/FXGL
15:16:06.545 [FXGL Background Thread 3 ] DEBUG Engine               - urlLeaderboard: http://fxgl-top.herokuapp.com/
15:16:06.545 [FXGL Background Thread 3 ] DEBUG Engine               - urlPOM: https://raw.githubusercontent.com/AlmasB/FXGL/release/README.md
15:16:06.545 [FXGL Background Thread 3 ] DEBUG Engine               - userAppClass: class App.MainApp
15:16:06.545 [FXGL Background Thread 3 ] DEBUG Engine               - version: 0.0
15:16:06.545 [FXGL Background Thread 3 ] DEBUG Engine               - versionCheckDays: 7
15:16:06.545 [FXGL Background Thread 3 ] DEBUG Engine               - width: 1500
15:16:06.545 [FXGL Background Thread 3 ] DEBUG Engine               - Logging services
15:16:06.545 [FXGL Background Thread 3 ] DEBUG Engine               - class com.almasb.fxgl.app.services.FXGLAssetLoaderService
15:16:06.545 [FXGL Background Thread 3 ] DEBUG Engine               - class com.almasb.fxgl.app.FXGLApplication$GameApplicationService
15:16:06.545 [FXGL Background Thread 3 ] DEBUG Engine               - class com.almasb.fxgl.app.services.FXGLDialogService
15:16:06.545 [FXGL Background Thread 3 ] DEBUG Engine               - class com.almasb.fxgl.app.services.IOTaskExecutorService
15:16:06.545 [FXGL Background Thread 3 ] DEBUG Engine               - class com.almasb.fxgl.io.FileSystemService
15:16:06.545 [FXGL Background Thread 3 ] DEBUG Engine               - class com.almasb.fxgl.localization.LocalizationService
15:16:06.545 [FXGL Background Thread 3 ] DEBUG Engine               - class com.almasb.fxgl.app.services.SystemBundleService
15:16:06.545 [FXGL Background Thread 3 ] DEBUG Engine               - class com.almasb.fxgl.profile.SaveLoadService
15:16:06.545 [FXGL Background Thread 3 ] DEBUG Engine               - class com.almasb.fxgl.ui.FXGLUIFactoryServiceProvider
15:16:06.545 [FXGL Background Thread 3 ] DEBUG Engine               - class com.almasb.fxgl.ui.FXGLDialogFactoryServiceProvider
15:16:06.545 [FXGL Background Thread 3 ] DEBUG Engine               - class com.almasb.fxgl.audio.AudioPlayer
15:16:06.545 [FXGL Background Thread 3 ] DEBUG Engine               - class com.almasb.fxgl.notification.impl.NotificationServiceProvider
15:16:06.545 [FXGL Background Thread 3 ] DEBUG Engine               - class com.almasb.fxgl.achievement.AchievementService
15:16:06.545 [FXGL Background Thread 3 ] DEBUG Engine               - class com.almasb.fxgl.cutscene.CutsceneService
15:16:06.545 [FXGL Background Thread 3 ] DEBUG Engine               - class com.almasb.fxgl.minigames.MiniGameService
15:16:06.545 [FXGL Background Thread 3 ] DEBUG Engine               - class com.almasb.fxgl.net.NetService
15:16:06.545 [FXGL Background Thread 3 ] DEBUG Engine               - class com.almasb.fxgl.app.services.UpdaterService
15:16:06.545 [FXGL Background Thread 3 ] DEBUG Engine               - class com.almasb.fxgl.dev.DevService
15:16:19.808 [JavaFX Application Thread] DEBUG FXGLApplication      - Exiting FXGL
15:16:19.808 [JavaFX Application Thread] DEBUG LoopRunner           - Stopping loop
15:16:19.808 [JavaFX Application Thread] DEBUG SystemBundleService  - Saving FXGL system data
15:16:19.810 [JavaFX Application Thread] DEBUG FileSystemAccess     - Writing to: C:\UNI\lorenzo.alvarado-Proyecto-Final-DPOO-2025\system\fxgl.bundle
15:16:19.812 [JavaFX Application Thread] DEBUG Async                - Shutting down background threads
15:16:19.812 [JavaFX Application Thread] DEBUG PrimaryStageWindow   - Closing main window
15:16:19.846 [JavaFX Application Thread] DEBUG Logger               - Closing Logger
