13:26:47.008 [main                     ] DEBUG Logger               - Configured Logger
13:26:47.039 [main                     ] DEBUG GameApplication      - Logging settings
Title: Galactic Odyssey
Version: 0.0
Width: 1500
Height: 800
Fullscreen: false
Intro: false
Profiling: false
Single step:false
App Mode: DEVELOPER
Menu Key: ESCAPE
Stage Style: DECORATED
Scene Factory: class com.almasb.fxgl.app.scene.SceneFactory

13:26:47.282 [JavaFX Application Thread] DEBUG FXGLApplication      - Initializing FXGL
13:26:47.289 [JavaFX Application Thread] INFO  Engine               - FXGL-17.3 (30.03.2023 11.49) on WINDOWS (J:17.0.12 FX:17.0.2-ea)
13:26:47.289 [JavaFX Application Thread] DEBUG Engine               - JRE Vendor Name: Oracle Corporation
13:26:47.289 [JavaFX Application Thread] DEBUG Engine               - Running on OS: Windows 11 version 10.0
13:26:47.290 [JavaFX Application Thread] DEBUG Engine               - Architecture: amd64
13:26:47.290 [JavaFX Application Thread] INFO  Engine               - Source code and latest versions at: https://github.com/AlmasB/FXGL
13:26:47.290 [JavaFX Application Thread] INFO  Engine               -       Ask questions and discuss at: https://github.com/AlmasB/FXGL/discussions
13:26:47.290 [JavaFX Application Thread] INFO  Engine               -              Join the FXGL chat at: https://gitter.im/AlmasB/FXGL
13:26:47.350 [JavaFX Application Thread] DEBUG PrimaryStageWindow   - Creating a JavaFX scene
13:26:47.350 [JavaFX Application Thread] DEBUG PrimaryStageWindow   - Target size > screen size
13:26:47.373 [JavaFX Application Thread] DEBUG PrimaryStageWindow   - Target settings size: 1500.0 x 800.0
13:26:47.373 [JavaFX Application Thread] DEBUG PrimaryStageWindow   - Scaled scene size:    1325.0 x 720.0
13:26:47.373 [JavaFX Application Thread] DEBUG PrimaryStageWindow   - Scaled ratio: (0.8833333333333333, 0.9)
13:26:47.374 [JavaFX Application Thread] DEBUG PrimaryStageWindow   - Set initial scene to FXGLStartupScene
13:26:47.378 [JavaFX Application Thread] DEBUG PrimaryStageWindow   - Opening main window
13:26:47.443 [JavaFX Application Thread] DEBUG PrimaryStageWindow   - Window border size: (16.0, 39.0)
13:26:47.444 [JavaFX Application Thread] DEBUG PrimaryStageWindow   - Scaled size: 1325.0 x 720.0
13:26:47.444 [JavaFX Application Thread] DEBUG PrimaryStageWindow   - Scaled ratio: (0.8833333333333333, 0.9)
13:26:47.445 [JavaFX Application Thread] DEBUG PrimaryStageWindow   - Scene size: 1325.0 x 720.0
13:26:47.445 [JavaFX Application Thread] DEBUG PrimaryStageWindow   - Stage size: 1341.0 x 759.0
13:26:47.451 [FXGL Background Thread 1 ] DEBUG Engine               - Initializing environment variables
13:26:47.500 [FXGL Background Thread 1 ] DEBUG FXGLAssetLoaderServi - User app class for loading assets: class App.App
13:26:47.500 [FXGL Background Thread 1 ] DEBUG GameApplicationServi - Applying CSS: fxgl_dark.css
13:26:47.502 [FXGL Background Thread 1 ] DEBUG FXGLAssetLoaderServi - Loading from file system: jar:file:///C:/Users/Johan/.m2/repository/com/github/AlmasB/fxgl/17.3/fxgl-17.3.jar!/fxglassets/ui/css/fxgl_dark.css
13:26:47.546 [FXGL Background Thread 1 ] DEBUG GameApplicationServi - Initializing application scenes
13:26:47.590 [FXGL Background Thread 1 ] DEBUG GameWorld            - Game world initialized
13:26:47.649 [FXGL Background Thread 1 ] DEBUG PhysicsWorld         - Physics world initialized: appHeight=800, physics.ppm=50.0
13:26:47.650 [FXGL Background Thread 1 ] DEBUG PhysicsWorld         - Using strategy: BRUTE_FORCE
13:26:47.653 [FXGL Background Thread 1 ] DEBUG GameScene            - Game scene initialized: 1500x800
13:26:47.665 [FXGL Background Thread 1 ] DEBUG FXGL.DefaultMenu     - createMenuBodyGameMenu()
13:26:47.672 [FXGL Background Thread 1 ] DEBUG FXGL.DefaultMenu     - createOptionsMenu()
13:26:47.677 [FXGL Background Thread 1 ] DEBUG FXGLAssetLoaderServi - Loading from file system: jar:file:///C:/Users/Johan/.m2/repository/com/github/AlmasB/fxgl/17.3/fxgl-17.3.jar!/fxglassets/textures/particles/smoke.png
13:26:47.755 [FXGL Background Thread 1 ] DEBUG FXGLAssetLoaderServi - Loading from file system: jar:file:///C:/Users/Johan/.m2/repository/com/github/AlmasB/fxgl/17.3/fxgl-17.3.jar!/fxglassets/textures/particles/trace_horizontal.png
13:26:47.791 [FXGL Background Thread 1 ] DEBUG GameApplicationServi - Application scenes initialized
13:26:47.821 [FXGL Background Thread 1 ] DEBUG SystemBundleService  - Loading default FXGL system data
13:26:47.821 [FXGL Background Thread 1 ] DEBUG UpdaterService       - Checking for updates
13:26:47.826 [FXGL Background Thread 4 ] DEBUG FXGLApplication      - Loading fonts
13:26:47.827 [FXGL Background Thread 4 ] DEBUG FXGLAssetLoaderServi - Loading from file system: jar:file:///C:/Users/Johan/.m2/repository/com/github/AlmasB/fxgl/17.3/fxgl-17.3.jar!/fxglassets/ui/fonts/VarelaRound-Regular.ttf
13:26:47.829 [FXGL Background Thread 1 ] DEBUG FXGLApplication      - Loading default localization
13:26:47.831 [FXGL Background Thread 1 ] DEBUG FXGLAssetLoaderServi - Loading from file system: jar:file:///C:/Users/Johan/.m2/repository/com/github/AlmasB/fxgl/17.3/fxgl-17.3.jar!/fxglassets/languages/english.lang
13:26:47.852 [FXGL Background Thread 1 ] INFO  FXGLApplication      - FXGL initialization took: 0.400 sec
13:26:47.863 [JavaFX Application Thread] DEBUG Input                - Registered new binding: Move Left - A
13:26:47.863 [JavaFX Application Thread] DEBUG Input                - Registered new binding: Move Right - D
13:26:47.863 [JavaFX Application Thread] DEBUG Input                - Registered new binding: Move Up - W
13:26:47.863 [JavaFX Application Thread] DEBUG Input                - Registered new binding: Move Down - S
13:26:47.863 [JavaFX Application Thread] DEBUG Input                - Registered new binding: End Turn - Enter
13:26:47.864 [JavaFX Application Thread] DEBUG Input                - Registered new binding: Hero Attack - LMB
13:26:47.864 [JavaFX Application Thread] DEBUG Input                - Registered new binding: Special Ability - RMB
13:26:47.865 [JavaFX Application Thread] DEBUG FXGLAssetLoaderServi - Loading from file system: jar:file:///C:/Users/Johan/.m2/repository/com/github/AlmasB/fxgl/17.3/fxgl-17.3.jar!/fxglassets/textures/fxgl_icon.png
13:26:47.884 [JavaFX Application Thread] DEBUG FXGLAssetLoaderServi - Loading from file system: jar:file:///C:/Users/Johan/.m2/repository/com/github/AlmasB/fxgl/17.3/fxgl-17.3.jar!/fxglassets/textures/fxgl_default_cursor.png
13:26:47.886 [JavaFX Application Thread] DEBUG Input                - Registered new binding: Screenshot - CTRL+8
13:26:47.886 [JavaFX Application Thread] DEBUG Input                - Registered new binding: System info dump - CTRL+9
13:26:47.887 [FXGL Background Thread 4 ] DEBUG FXGLAssetLoaderServi - Loading from file system: jar:file:///C:/Users/Johan/.m2/repository/com/github/AlmasB/fxgl/17.3/fxgl-17.3.jar!/fxglassets/ui/fonts/Abel-Regular.ttf
13:26:47.887 [JavaFX Application Thread] DEBUG Input                - Registered new binding: Restart - CTRL+R
13:26:47.888 [JavaFX Application Thread] DEBUG Input                - Registered new binding: Toggle Debug Camera - CTRL+7
13:26:47.888 [FXGL Background Thread 4 ] DEBUG FXGLAssetLoaderServi - Loading from file system: jar:file:///C:/Users/Johan/.m2/repository/com/github/AlmasB/fxgl/17.3/fxgl-17.3.jar!/fxglassets/ui/fonts/TerminalLandMono-Regular.otf
13:26:47.891 [FXGL Background Thread 4 ] DEBUG FXGLAssetLoaderServi - Loading from file system: jar:file:///C:/Users/Johan/.m2/repository/com/github/AlmasB/fxgl/17.3/fxgl-17.3.jar!/fxglassets/ui/fonts/Courier-Prime.ttf
13:26:47.892 [JavaFX Application Thread] DEBUG LoopRunner           - Starting loop
13:26:47.892 [JavaFX Application Thread] DEBUG LoopRunner           - Initializing JavaFX AnimationTimerLoop
13:26:47.895 [JavaFX Application Thread] DEBUG GameApplicationServi - Starting new game
13:26:47.895 [JavaFX Application Thread] DEBUG Input                - Clearing active input actions
13:26:47.905 [JavaFX Application Thread] DEBUG GameApplicationServi - Removing overlay from FXGLStartupScene and adding to FXGLLoadingScene
13:26:47.906 [JavaFX Application Thread] DEBUG PrimaryStageWindow   - FXGLStartupScene -> FXGLLoadingScene
13:26:47.906 [JavaFX Application Thread] DEBUG GameApplicationServi - Clearing previous game
13:26:47.906 [JavaFX Application Thread] DEBUG GameScene            - Clearing game scene
13:26:47.906 [JavaFX Application Thread] DEBUG GameWorld            - Clearing game world
13:26:47.906 [JavaFX Application Thread] DEBUG PhysicsWorld         - Clearing physics world
13:26:47.908 [FXGL Background Thread 4 ] DEBUG FXGLApplication      - Initializing game
13:26:47.949 [JavaFX Application Thread] DEBUG FXGLApplication      - Registering font factories with UI factory
13:26:47.960 [FXGL Background Thread 4 ] WARN  TMXLevelLoader       - TiledMap generated from 1.11.2. Supported version: 1.9.0. Some features may not be parsed fully.
13:26:47.997 [FXGL Background Thread 4 ] DEBUG TMXLevelLoader       - Parsed TiledMap: file:/C:/UNI/lorenzo.alvarado-Proyecto-Final-DPOO-2025/Galactic%20odyssey/target/classes/assets/levels/MapGame1.tmx
13:26:47.998 [FXGL Background Thread 4 ] DEBUG TMXLevelLoader       - Creating tile layer entities
13:26:48.000 [FXGL Background Thread 4 ] DEBUG TilesetLoader        - Loading view for layer Espacio
13:26:48.003 [FXGL Background Thread 4 ] DEBUG TilesetLoader        - Created buffer with size 1920.0x960.0
13:26:48.051 [FXGL Background Thread 4 ] DEBUG TilesetLoader        - Loading view for layer Planetas
13:26:48.059 [FXGL Background Thread 4 ] DEBUG TilesetLoader        - Created buffer with size 1920.0x960.0
13:26:48.061 [FXGL Background Thread 4 ] DEBUG TilesetLoader        - Loading view for layer Suelo
13:26:48.069 [FXGL Background Thread 4 ] DEBUG TilesetLoader        - Created buffer with size 1920.0x960.0
13:26:48.073 [FXGL Background Thread 4 ] DEBUG TilesetLoader        - Loading view for layer Suelo ruinas
13:26:48.076 [FXGL Background Thread 4 ] DEBUG TilesetLoader        - Created buffer with size 1920.0x960.0
13:26:48.076 [FXGL Background Thread 4 ] DEBUG TilesetLoader        - Loading view for layer Torres ruinas
13:26:48.080 [FXGL Background Thread 4 ] DEBUG TilesetLoader        - Created buffer with size 1920.0x960.0
13:26:48.136 [FXGL Background Thread 4 ] DEBUG TilesetLoader        - Loading view for layer Cristales espaciales
13:26:48.139 [FXGL Background Thread 4 ] DEBUG TilesetLoader        - Created buffer with size 1920.0x960.0
13:26:48.140 [FXGL Background Thread 4 ] DEBUG TilesetLoader        - Loading view for layer Rocas1
13:26:48.144 [FXGL Background Thread 4 ] DEBUG TilesetLoader        - Created buffer with size 1920.0x960.0
13:26:48.175 [FXGL Background Thread 4 ] DEBUG TilesetLoader        - Loading view for layer Muro
13:26:48.178 [FXGL Background Thread 4 ] DEBUG TilesetLoader        - Created buffer with size 1920.0x960.0
13:26:48.180 [FXGL Background Thread 4 ] DEBUG TilesetLoader        - Loading view for layer Rocas
13:26:48.185 [FXGL Background Thread 4 ] DEBUG TilesetLoader        - Created buffer with size 1920.0x960.0
13:26:48.187 [FXGL Background Thread 4 ] DEBUG TilesetLoader        - Loading view for layer Rocas2
13:26:48.189 [FXGL Background Thread 4 ] DEBUG TilesetLoader        - Created buffer with size 1920.0x960.0
13:26:48.190 [FXGL Background Thread 4 ] DEBUG TilesetLoader        - Loading view for layer Naves
13:26:48.195 [FXGL Background Thread 4 ] DEBUG TilesetLoader        - Created buffer with size 1920.0x960.0
13:26:48.196 [FXGL Background Thread 4 ] DEBUG TilesetLoader        - Loading view for layer Objetos
13:26:48.199 [FXGL Background Thread 4 ] DEBUG TilesetLoader        - Created buffer with size 1920.0x960.0
13:26:48.199 [FXGL Background Thread 4 ] DEBUG TMXLevelLoader       - Creating object layer entities
13:26:48.213 [FXGL Background Thread 4 ] DEBUG GameWorld            - Clearing removable entities
13:26:48.214 [FXGL Background Thread 4 ] DEBUG GameWorld            - Setting level: com.almasb.fxgl.entity.level.Level@702b6f83
13:26:48.219 [FXGL Background Thread 4 ] DEBUG FXGLAssetLoaderServi - Loading from file system: file:/C:/UNI/lorenzo.alvarado-Proyecto-Final-DPOO-2025/Galactic%20odyssey/target/classes/assets/textures/personaje.png
13:26:48.221 [FXGL Background Thread 4 ] DEBUG FXGLAssetLoaderServi - Loading from file system: file:/C:/UNI/lorenzo.alvarado-Proyecto-Final-DPOO-2025/Galactic%20odyssey/target/classes/assets/textures/combatDrone.png
13:26:48.254 [FXGL Background Thread 4 ] DEBUG FXGLAssetLoaderServi - Loading from file system: file:/C:/UNI/lorenzo.alvarado-Proyecto-Final-DPOO-2025/Galactic%20odyssey/target/classes/assets/textures/fondo_menu.png
13:26:48.269 [FXGL Background Thread 4 ] INFO  FXGLApplication      - Game initialization took: 0.362 sec
13:26:48.280 [JavaFX Application Thread] DEBUG Input                - Clearing active input actions
13:26:48.291 [JavaFX Application Thread] DEBUG GameApplicationServi - Removing overlay from FXGLLoadingScene and adding to GameScene
13:26:48.291 [JavaFX Application Thread] DEBUG PrimaryStageWindow   - FXGLLoadingScene -> GameScene
13:26:49.091 [FXGL Background Thread 2 ] INFO  UpdaterService       - Your current version:  17.3
13:26:49.092 [FXGL Background Thread 2 ] INFO  UpdaterService       - Latest stable version: 21.1
13:26:49.450 [JavaFX Application Thread] WARN  TMXLevelLoader       - TiledMap generated from 1.11.2. Supported version: 1.9.0. Some features may not be parsed fully.
13:26:49.482 [JavaFX Application Thread] DEBUG TMXLevelLoader       - Parsed TiledMap: file:/C:/UNI/lorenzo.alvarado-Proyecto-Final-DPOO-2025/Galactic%20odyssey/target/classes/assets/levels/MapGame1.tmx
13:26:49.482 [JavaFX Application Thread] DEBUG TMXLevelLoader       - Creating tile layer entities
13:26:49.482 [JavaFX Application Thread] DEBUG TilesetLoader        - Loading view for layer Espacio
13:26:49.484 [JavaFX Application Thread] DEBUG TilesetLoader        - Created buffer with size 1920.0x960.0
13:26:49.513 [JavaFX Application Thread] DEBUG TilesetLoader        - Loading view for layer Planetas
13:26:49.516 [JavaFX Application Thread] DEBUG TilesetLoader        - Created buffer with size 1920.0x960.0
13:26:49.516 [JavaFX Application Thread] DEBUG TilesetLoader        - Loading view for layer Suelo
13:26:49.518 [JavaFX Application Thread] DEBUG TilesetLoader        - Created buffer with size 1920.0x960.0
13:26:49.519 [JavaFX Application Thread] DEBUG TilesetLoader        - Loading view for layer Suelo ruinas
13:26:49.522 [JavaFX Application Thread] DEBUG TilesetLoader        - Created buffer with size 1920.0x960.0
13:26:49.522 [JavaFX Application Thread] DEBUG TilesetLoader        - Loading view for layer Torres ruinas
13:26:49.524 [JavaFX Application Thread] DEBUG TilesetLoader        - Created buffer with size 1920.0x960.0
13:26:49.541 [JavaFX Application Thread] DEBUG TilesetLoader        - Loading view for layer Cristales espaciales
13:26:49.544 [JavaFX Application Thread] DEBUG TilesetLoader        - Created buffer with size 1920.0x960.0
13:26:49.544 [JavaFX Application Thread] DEBUG TilesetLoader        - Loading view for layer Rocas1
13:26:49.546 [JavaFX Application Thread] DEBUG TilesetLoader        - Created buffer with size 1920.0x960.0
13:26:49.568 [JavaFX Application Thread] DEBUG TilesetLoader        - Loading view for layer Muro
13:26:49.579 [JavaFX Application Thread] DEBUG TilesetLoader        - Created buffer with size 1920.0x960.0
13:26:49.581 [JavaFX Application Thread] DEBUG TilesetLoader        - Loading view for layer Rocas
13:26:49.584 [JavaFX Application Thread] DEBUG TilesetLoader        - Created buffer with size 1920.0x960.0
13:26:49.585 [JavaFX Application Thread] DEBUG TilesetLoader        - Loading view for layer Rocas2
13:26:49.591 [JavaFX Application Thread] DEBUG TilesetLoader        - Created buffer with size 1920.0x960.0
13:26:49.592 [JavaFX Application Thread] DEBUG TilesetLoader        - Loading view for layer Naves
13:26:49.598 [JavaFX Application Thread] DEBUG TilesetLoader        - Created buffer with size 1920.0x960.0
13:26:49.599 [JavaFX Application Thread] DEBUG TilesetLoader        - Loading view for layer Objetos
13:26:49.602 [JavaFX Application Thread] DEBUG TilesetLoader        - Created buffer with size 1920.0x960.0
13:26:49.603 [JavaFX Application Thread] DEBUG TMXLevelLoader       - Creating object layer entities
13:26:49.607 [JavaFX Application Thread] DEBUG GameWorld            - Clearing removable entities
13:26:49.610 [JavaFX Application Thread] DEBUG GameWorld            - Setting level: com.almasb.fxgl.entity.level.Level@5e02c793
13:26:50.824 [FXGL Background Thread 3 ] DEBUG Engine               - Logging environment variables
13:26:50.825 [FXGL Background Thread 3 ] DEBUG Engine               - achievements: []
13:26:50.825 [FXGL Background Thread 3 ] DEBUG Engine               - actualHeight: 720.0
13:26:50.825 [FXGL Background Thread 3 ] DEBUG Engine               - actualHeightProperty: ReadOnlyDoubleProperty [value: 720.0]
13:26:50.825 [FXGL Background Thread 3 ] DEBUG Engine               - actualWidth: 1325.0
13:26:50.825 [FXGL Background Thread 3 ] DEBUG Engine               - actualWidthProperty: ReadOnlyDoubleProperty [value: 1325.0]
13:26:50.825 [FXGL Background Thread 3 ] DEBUG Engine               - appIcon: fxgl_icon.png
13:26:50.825 [FXGL Background Thread 3 ] DEBUG Engine               - applicationMode: DEVELOPER
13:26:50.826 [FXGL Background Thread 3 ] DEBUG Engine               - cSSList: [fxgl_dark.css]
13:26:50.826 [FXGL Background Thread 3 ] DEBUG Engine               - collisionDetectionStrategy: BRUTE_FORCE
13:26:50.826 [FXGL Background Thread 3 ] DEBUG Engine               - configClass: Optional.empty
13:26:50.826 [FXGL Background Thread 3 ] DEBUG Engine               - credits: []
13:26:50.827 [FXGL Background Thread 3 ] DEBUG Engine               - defaultCursor: CursorInfo(imageName=fxgl_default_cursor.png, hotspotX=7.0, hotspotY=6.0)
13:26:50.827 [FXGL Background Thread 3 ] DEBUG Engine               - devBBoxColorProperty: ObjectProperty [value: 0xff0000ff]
13:26:50.827 [FXGL Background Thread 3 ] DEBUG Engine               - devEnableDebugCameraProperty: BooleanProperty [value: false]
13:26:50.827 [FXGL Background Thread 3 ] DEBUG Engine               - devSensorColorProperty: ObjectProperty [value: 0xffff00ff]
13:26:50.827 [FXGL Background Thread 3 ] DEBUG Engine               - devShowBBoxProperty: BooleanProperty [value: false]
13:26:50.827 [FXGL Background Thread 3 ] DEBUG Engine               - devShowPositionProperty: BooleanProperty [value: false]
13:26:50.827 [FXGL Background Thread 3 ] DEBUG Engine               - enabledMenuItems: []
13:26:50.827 [FXGL Background Thread 3 ] DEBUG Engine               - engineServices: [class com.almasb.fxgl.app.services.FXGLAssetLoaderService, class com.almasb.fxgl.app.FXGLApplication$GameApplicationService, class com.almasb.fxgl.app.services.FXGLDialogService, class com.almasb.fxgl.app.services.IOTaskExecutorService, class com.almasb.fxgl.io.FileSystemService, class com.almasb.fxgl.localization.LocalizationService, class com.almasb.fxgl.app.services.SystemBundleService, class com.almasb.fxgl.profile.SaveLoadService, class com.almasb.fxgl.ui.FXGLUIFactoryServiceProvider, class com.almasb.fxgl.ui.FXGLDialogFactoryServiceProvider, class com.almasb.fxgl.audio.AudioPlayer, class com.almasb.fxgl.notification.impl.NotificationServiceProvider, class com.almasb.fxgl.achievement.AchievementService, class com.almasb.fxgl.cutscene.CutsceneService, class com.almasb.fxgl.minigames.MiniGameService, class com.almasb.fxgl.net.NetService, class com.almasb.fxgl.app.services.UpdaterService, class com.almasb.fxgl.dev.DevService]
13:26:50.827 [FXGL Background Thread 3 ] DEBUG Engine               - fontGame: Abel-Regular.ttf
13:26:50.828 [FXGL Background Thread 3 ] DEBUG Engine               - fontMono: TerminalLandMono-Regular.otf
13:26:50.828 [FXGL Background Thread 3 ] DEBUG Engine               - fontSizeScaleUI: 1.0
13:26:50.828 [FXGL Background Thread 3 ] DEBUG Engine               - fontText: Courier-Prime.ttf
13:26:50.828 [FXGL Background Thread 3 ] DEBUG Engine               - fontUI: VarelaRound-Regular.ttf
13:26:50.828 [FXGL Background Thread 3 ] DEBUG Engine               - fullScreen: BooleanProperty [value: false]
13:26:50.828 [FXGL Background Thread 3 ] DEBUG Engine               - gameDifficulty: MEDIUM
13:26:50.828 [FXGL Background Thread 3 ] DEBUG Engine               - gameDifficultyProperty: ObjectProperty [value: MEDIUM]
13:26:50.828 [FXGL Background Thread 3 ] DEBUG Engine               - globalMusicVolume: 0.5
13:26:50.828 [FXGL Background Thread 3 ] DEBUG Engine               - globalMusicVolumeProperty: DoubleProperty [value: 0.5]
13:26:50.828 [FXGL Background Thread 3 ] DEBUG Engine               - globalSoundVolume: 0.5
13:26:50.828 [FXGL Background Thread 3 ] DEBUG Engine               - globalSoundVolumeProperty: DoubleProperty [value: 0.5]
13:26:50.828 [FXGL Background Thread 3 ] DEBUG Engine               - height: 800
13:26:50.829 [FXGL Background Thread 3 ] DEBUG Engine               - is3D: false
13:26:50.829 [FXGL Background Thread 3 ] DEBUG Engine               - isAndroid: false
13:26:50.829 [FXGL Background Thread 3 ] DEBUG Engine               - isBrowser: false
13:26:50.829 [FXGL Background Thread 3 ] DEBUG Engine               - isClickFeedbackEnabled: false
13:26:50.829 [FXGL Background Thread 3 ] DEBUG Engine               - isCloseConfirmation: false
13:26:50.829 [FXGL Background Thread 3 ] DEBUG Engine               - isDesktop: true
13:26:50.829 [FXGL Background Thread 3 ] DEBUG Engine               - isDeveloperMenuEnabled: false
13:26:50.829 [FXGL Background Thread 3 ] DEBUG Engine               - isEmbedded: false
13:26:50.829 [FXGL Background Thread 3 ] DEBUG Engine               - isEntityPreloadEnabled: true
13:26:50.829 [FXGL Background Thread 3 ] DEBUG Engine               - isExperimentalTiledLargeMap: false
13:26:50.829 [FXGL Background Thread 3 ] DEBUG Engine               - isFileSystemWriteAllowed: true
13:26:50.829 [FXGL Background Thread 3 ] DEBUG Engine               - isFullScreenAllowed: false
13:26:50.829 [FXGL Background Thread 3 ] DEBUG Engine               - isFullScreenFromStart: false
13:26:50.829 [FXGL Background Thread 3 ] DEBUG Engine               - isGameMenuEnabled: true
13:26:50.829 [FXGL Background Thread 3 ] DEBUG Engine               - isIOS: false
13:26:50.829 [FXGL Background Thread 3 ] DEBUG Engine               - isIntroEnabled: false
13:26:50.829 [FXGL Background Thread 3 ] DEBUG Engine               - isLinux: false
13:26:50.829 [FXGL Background Thread 3 ] DEBUG Engine               - isMac: false
13:26:50.830 [FXGL Background Thread 3 ] DEBUG Engine               - isMainMenuEnabled: false
13:26:50.830 [FXGL Background Thread 3 ] DEBUG Engine               - isManualResizeEnabled: false
13:26:50.830 [FXGL Background Thread 3 ] DEBUG Engine               - isMobile: false
13:26:50.830 [FXGL Background Thread 3 ] DEBUG Engine               - isNative: false
13:26:50.830 [FXGL Background Thread 3 ] DEBUG Engine               - isPauseMusicWhenMinimized: true
13:26:50.830 [FXGL Background Thread 3 ] DEBUG Engine               - isPreserveResizeRatio: false
13:26:50.830 [FXGL Background Thread 3 ] DEBUG Engine               - isProfilingEnabled: false
13:26:50.830 [FXGL Background Thread 3 ] DEBUG Engine               - isScaleAffectedOnResize: true
13:26:50.830 [FXGL Background Thread 3 ] DEBUG Engine               - isSingleStep: false
13:26:50.830 [FXGL Background Thread 3 ] DEBUG Engine               - isUserProfileEnabled: false
13:26:50.830 [FXGL Background Thread 3 ] DEBUG Engine               - isWindows: true
13:26:50.830 [FXGL Background Thread 3 ] DEBUG Engine               - language: ObjectProperty [value: ENGLISH]
13:26:50.830 [FXGL Background Thread 3 ] DEBUG Engine               - menuKey: ESCAPE
13:26:50.830 [FXGL Background Thread 3 ] DEBUG Engine               - mouseSensitivity: 0.2
13:26:50.830 [FXGL Background Thread 3 ] DEBUG Engine               - notificationViewClass: class com.almasb.fxgl.notification.view.XboxNotificationView
13:26:50.830 [FXGL Background Thread 3 ] DEBUG Engine               - pixelsPerMeter: 50.0
13:26:50.830 [FXGL Background Thread 3 ] DEBUG Engine               - platform: WINDOWS
13:26:50.830 [FXGL Background Thread 3 ] DEBUG Engine               - prefHeightProperty: ReadOnlyDoubleProperty [value: 800.0]
13:26:50.831 [FXGL Background Thread 3 ] DEBUG Engine               - prefWidthProperty: ReadOnlyDoubleProperty [value: 1500.0]
13:26:50.831 [FXGL Background Thread 3 ] DEBUG Engine               - profileDir: profiles/
13:26:50.831 [FXGL Background Thread 3 ] DEBUG Engine               - profileName: StringProperty [value: DEFAULT]
13:26:50.831 [FXGL Background Thread 3 ] DEBUG Engine               - randomSeed: -1
13:26:50.831 [FXGL Background Thread 3 ] DEBUG Engine               - runtimeInfo: RuntimeInfo(platform=WINDOWS, version=17.3, build=30.03.2023 11.49)
13:26:50.832 [FXGL Background Thread 3 ] DEBUG Engine               - saveFileExt: sav
13:26:50.832 [FXGL Background Thread 3 ] DEBUG Engine               - scaledHeightProp$fxgl: DoubleProperty [bound, value: 720.0]
13:26:50.832 [FXGL Background Thread 3 ] DEBUG Engine               - scaledWidthProp$fxgl: DoubleProperty [bound, value: 1325.0]
13:26:50.832 [FXGL Background Thread 3 ] DEBUG Engine               - sceneFactory: com.almasb.fxgl.app.scene.SceneFactory@75eebd49
13:26:50.832 [FXGL Background Thread 3 ] DEBUG Engine               - secondsIn24h: 60
13:26:50.832 [FXGL Background Thread 3 ] DEBUG Engine               - soundMenuBack: menu/back.wav
13:26:50.832 [FXGL Background Thread 3 ] DEBUG Engine               - soundMenuPress: menu/press.wav
13:26:50.832 [FXGL Background Thread 3 ] DEBUG Engine               - soundMenuSelect: menu/select.wav
13:26:50.832 [FXGL Background Thread 3 ] DEBUG Engine               - soundNotification: core/notification.wav
13:26:50.832 [FXGL Background Thread 3 ] DEBUG Engine               - stageStyle: DECORATED
13:26:50.832 [FXGL Background Thread 3 ] DEBUG Engine               - supportedLanguages: [ENGLISH, FRENCH, GERMAN, HUNGARIAN, RUSSIAN]
13:26:50.832 [FXGL Background Thread 3 ] DEBUG Engine               - ticksPerSecond: -1
13:26:50.832 [FXGL Background Thread 3 ] DEBUG Engine               - title: Galactic Odyssey
13:26:50.832 [FXGL Background Thread 3 ] DEBUG Engine               - urlGithub: https://github.com/AlmasB/FXGL
13:26:50.832 [FXGL Background Thread 3 ] DEBUG Engine               - urlLeaderboard: http://fxgl-top.herokuapp.com/
13:26:50.832 [FXGL Background Thread 3 ] DEBUG Engine               - urlPOM: https://raw.githubusercontent.com/AlmasB/FXGL/release/README.md
13:26:50.832 [FXGL Background Thread 3 ] DEBUG Engine               - userAppClass: class App.App
13:26:50.832 [FXGL Background Thread 3 ] DEBUG Engine               - version: 0.0
13:26:50.832 [FXGL Background Thread 3 ] DEBUG Engine               - versionCheckDays: 7
13:26:50.832 [FXGL Background Thread 3 ] DEBUG Engine               - width: 1500
13:26:50.833 [FXGL Background Thread 3 ] DEBUG Engine               - Logging services
13:26:50.833 [FXGL Background Thread 3 ] DEBUG Engine               - class com.almasb.fxgl.app.services.FXGLAssetLoaderService
13:26:50.833 [FXGL Background Thread 3 ] DEBUG Engine               - class com.almasb.fxgl.app.FXGLApplication$GameApplicationService
13:26:50.833 [FXGL Background Thread 3 ] DEBUG Engine               - class com.almasb.fxgl.app.services.FXGLDialogService
13:26:50.833 [FXGL Background Thread 3 ] DEBUG Engine               - class com.almasb.fxgl.app.services.IOTaskExecutorService
13:26:50.833 [FXGL Background Thread 3 ] DEBUG Engine               - class com.almasb.fxgl.io.FileSystemService
13:26:50.833 [FXGL Background Thread 3 ] DEBUG Engine               - class com.almasb.fxgl.localization.LocalizationService
13:26:50.833 [FXGL Background Thread 3 ] DEBUG Engine               - class com.almasb.fxgl.app.services.SystemBundleService
13:26:50.833 [FXGL Background Thread 3 ] DEBUG Engine               - class com.almasb.fxgl.profile.SaveLoadService
13:26:50.833 [FXGL Background Thread 3 ] DEBUG Engine               - class com.almasb.fxgl.ui.FXGLUIFactoryServiceProvider
13:26:50.833 [FXGL Background Thread 3 ] DEBUG Engine               - class com.almasb.fxgl.ui.FXGLDialogFactoryServiceProvider
13:26:50.833 [FXGL Background Thread 3 ] DEBUG Engine               - class com.almasb.fxgl.audio.AudioPlayer
13:26:50.833 [FXGL Background Thread 3 ] DEBUG Engine               - class com.almasb.fxgl.notification.impl.NotificationServiceProvider
13:26:50.833 [FXGL Background Thread 3 ] DEBUG Engine               - class com.almasb.fxgl.achievement.AchievementService
13:26:50.833 [FXGL Background Thread 3 ] DEBUG Engine               - class com.almasb.fxgl.cutscene.CutsceneService
13:26:50.833 [FXGL Background Thread 3 ] DEBUG Engine               - class com.almasb.fxgl.minigames.MiniGameService
13:26:50.833 [FXGL Background Thread 3 ] DEBUG Engine               - class com.almasb.fxgl.net.NetService
13:26:50.833 [FXGL Background Thread 3 ] DEBUG Engine               - class com.almasb.fxgl.app.services.UpdaterService
13:26:50.833 [FXGL Background Thread 3 ] DEBUG Engine               - class com.almasb.fxgl.dev.DevService
13:27:31.659 [JavaFX Application Thread] DEBUG FXGLApplication      - Exiting FXGL
13:27:31.659 [JavaFX Application Thread] DEBUG LoopRunner           - Stopping loop
13:27:31.659 [JavaFX Application Thread] DEBUG SystemBundleService  - Saving FXGL system data
13:27:31.663 [JavaFX Application Thread] DEBUG FileSystemAccess     - Writing to: C:\UNI\lorenzo.alvarado-Proyecto-Final-DPOO-2025\system\fxgl.bundle
13:27:31.672 [JavaFX Application Thread] DEBUG Async                - Shutting down background threads
13:27:31.673 [JavaFX Application Thread] DEBUG PrimaryStageWindow   - Closing main window
13:27:31.712 [JavaFX Application Thread] DEBUG Logger               - Closing Logger
