14:52:44.722 [main                     ] DEBUG Logger               - Configured Logger
14:52:44.747 [main                     ] DEBUG GameApplication      - Logging settings
Title: Galactic Odyssey
Version: 0.0
Width: 1500
Height: 800
Fullscreen: false
Intro: false
Profiling: false
Single step:false
App Mode: DEVELOPER
Menu Key: ESCAPE
Stage Style: DECORATED
Scene Factory: class com.almasb.fxgl.app.scene.SceneFactory

14:52:45.006 [JavaFX Application Thread] DEBUG FXGLApplication      - Initializing FXGL
14:52:45.013 [JavaFX Application Thread] INFO  Engine               - FXGL-17.3 (30.03.2023 11.49) on WINDOWS (J:17.0.12 FX:17.0.2-ea)
14:52:45.014 [JavaFX Application Thread] DEBUG Engine               - JRE Vendor Name: Oracle Corporation
14:52:45.014 [JavaFX Application Thread] DEBUG Engine               - Running on OS: Windows 11 version 10.0
14:52:45.014 [JavaFX Application Thread] DEBUG Engine               - Architecture: amd64
14:52:45.014 [JavaFX Application Thread] INFO  Engine               - Source code and latest versions at: https://github.com/AlmasB/FXGL
14:52:45.014 [JavaFX Application Thread] INFO  Engine               -       Ask questions and discuss at: https://github.com/AlmasB/FXGL/discussions
14:52:45.014 [JavaFX Application Thread] INFO  Engine               -              Join the FXGL chat at: https://gitter.im/AlmasB/FXGL
14:52:45.080 [JavaFX Application Thread] DEBUG PrimaryStageWindow   - Creating a JavaFX scene
14:52:45.081 [JavaFX Application Thread] DEBUG PrimaryStageWindow   - Target size > screen size
14:52:45.106 [JavaFX Application Thread] DEBUG PrimaryStageWindow   - Target settings size: 1500.0 x 800.0
14:52:45.106 [JavaFX Application Thread] DEBUG PrimaryStageWindow   - Scaled scene size:    1325.0 x 720.0
14:52:45.106 [JavaFX Application Thread] DEBUG PrimaryStageWindow   - Scaled ratio: (0.8833333333333333, 0.9)
14:52:45.107 [JavaFX Application Thread] DEBUG PrimaryStageWindow   - Set initial scene to FXGLStartupScene
14:52:45.113 [JavaFX Application Thread] DEBUG PrimaryStageWindow   - Opening main window
14:52:45.191 [JavaFX Application Thread] DEBUG PrimaryStageWindow   - Window border size: (16.0, 39.0)
14:52:45.191 [JavaFX Application Thread] DEBUG PrimaryStageWindow   - Scaled size: 1325.0 x 720.0
14:52:45.192 [JavaFX Application Thread] DEBUG PrimaryStageWindow   - Scaled ratio: (0.8833333333333333, 0.9)
14:52:45.192 [JavaFX Application Thread] DEBUG PrimaryStageWindow   - Scene size: 1325.0 x 720.0
14:52:45.193 [JavaFX Application Thread] DEBUG PrimaryStageWindow   - Stage size: 1341.0 x 759.0
14:52:45.201 [FXGL Background Thread 1 ] DEBUG Engine               - Initializing environment variables
14:52:45.246 [FXGL Background Thread 1 ] DEBUG FXGLAssetLoaderServi - User app class for loading assets: class App.MainApp
14:52:45.247 [FXGL Background Thread 1 ] DEBUG GameApplicationServi - Applying CSS: fxgl_dark.css
14:52:45.249 [FXGL Background Thread 1 ] DEBUG FXGLAssetLoaderServi - Loading from file system: jar:file:///C:/Users/Johan/.m2/repository/com/github/AlmasB/fxgl/17.3/fxgl-17.3.jar!/fxglassets/ui/css/fxgl_dark.css
14:52:45.303 [FXGL Background Thread 1 ] DEBUG GameApplicationServi - Initializing application scenes
14:52:45.345 [FXGL Background Thread 1 ] DEBUG GameWorld            - Game world initialized
14:52:45.411 [FXGL Background Thread 1 ] DEBUG PhysicsWorld         - Physics world initialized: appHeight=800, physics.ppm=50.0
14:52:45.412 [FXGL Background Thread 1 ] DEBUG PhysicsWorld         - Using strategy: BRUTE_FORCE
14:52:45.416 [FXGL Background Thread 1 ] DEBUG GameScene            - Game scene initialized: 1500x800
14:52:45.424 [FXGL Background Thread 1 ] DEBUG FXGL.DefaultMenu     - createMenuBodyGameMenu()
14:52:45.436 [FXGL Background Thread 1 ] DEBUG FXGL.DefaultMenu     - createOptionsMenu()
14:52:45.443 [FXGL Background Thread 1 ] DEBUG FXGLAssetLoaderServi - Loading from file system: jar:file:///C:/Users/Johan/.m2/repository/com/github/AlmasB/fxgl/17.3/fxgl-17.3.jar!/fxglassets/textures/particles/smoke.png
14:52:45.524 [FXGL Background Thread 1 ] DEBUG FXGLAssetLoaderServi - Loading from file system: jar:file:///C:/Users/Johan/.m2/repository/com/github/AlmasB/fxgl/17.3/fxgl-17.3.jar!/fxglassets/textures/particles/trace_horizontal.png
14:52:45.552 [FXGL Background Thread 1 ] DEBUG GameApplicationServi - Application scenes initialized
14:52:45.563 [FXGL Background Thread 1 ] DEBUG SystemBundleService  - Loading FXGL system data
14:52:45.567 [FXGL Background Thread 1 ] DEBUG FileSystemAccess     - Reading from: C:\UNI\lorenzo.alvarado-Proyecto-Final-DPOO-2025\system\fxgl.bundle
14:52:45.571 [FXGL Background Thread 1 ] DEBUG SystemBundleService  - Bundle FXGL: {}
14:52:45.572 [FXGL Background Thread 1 ] DEBUG UpdaterService       - Checking for updates
14:52:45.575 [FXGL Background Thread 4 ] DEBUG FXGLApplication      - Loading fonts
14:52:45.576 [FXGL Background Thread 1 ] DEBUG FXGLApplication      - Loading default localization
14:52:45.576 [FXGL Background Thread 4 ] DEBUG FXGLAssetLoaderServi - Loading from file system: jar:file:///C:/Users/Johan/.m2/repository/com/github/AlmasB/fxgl/17.3/fxgl-17.3.jar!/fxglassets/ui/fonts/VarelaRound-Regular.ttf
14:52:45.578 [FXGL Background Thread 1 ] DEBUG FXGLAssetLoaderServi - Loading from file system: jar:file:///C:/Users/Johan/.m2/repository/com/github/AlmasB/fxgl/17.3/fxgl-17.3.jar!/fxglassets/languages/english.lang
14:52:45.600 [FXGL Background Thread 1 ] INFO  FXGLApplication      - FXGL initialization took: 0.400 sec
14:52:45.607 [JavaFX Application Thread] DEBUG Input                - Registered new binding: Move Left - A
14:52:45.607 [JavaFX Application Thread] DEBUG Input                - Registered new binding: Move Right - D
14:52:45.607 [JavaFX Application Thread] DEBUG Input                - Registered new binding: Move Up - W
14:52:45.607 [JavaFX Application Thread] DEBUG Input                - Registered new binding: Move Down - S
14:52:45.608 [JavaFX Application Thread] DEBUG Input                - Registered new binding: End Turn - Enter
14:52:45.608 [JavaFX Application Thread] DEBUG Input                - Registered new binding: Hero Attack - LMB
14:52:45.608 [JavaFX Application Thread] DEBUG Input                - Registered new binding: Special Ability - RMB
14:52:45.609 [JavaFX Application Thread] DEBUG FXGLAssetLoaderServi - Loading from file system: jar:file:///C:/Users/Johan/.m2/repository/com/github/AlmasB/fxgl/17.3/fxgl-17.3.jar!/fxglassets/textures/fxgl_icon.png
14:52:45.628 [JavaFX Application Thread] DEBUG FXGLAssetLoaderServi - Loading from file system: jar:file:///C:/Users/Johan/.m2/repository/com/github/AlmasB/fxgl/17.3/fxgl-17.3.jar!/fxglassets/textures/fxgl_default_cursor.png
14:52:45.630 [FXGL Background Thread 4 ] DEBUG FXGLAssetLoaderServi - Loading from file system: jar:file:///C:/Users/Johan/.m2/repository/com/github/AlmasB/fxgl/17.3/fxgl-17.3.jar!/fxglassets/ui/fonts/Abel-Regular.ttf
14:52:45.631 [JavaFX Application Thread] DEBUG Input                - Registered new binding: Screenshot - CTRL+8
14:52:45.631 [JavaFX Application Thread] DEBUG Input                - Registered new binding: System info dump - CTRL+9
14:52:45.631 [JavaFX Application Thread] DEBUG Input                - Registered new binding: Restart - CTRL+R
14:52:45.632 [JavaFX Application Thread] DEBUG Input                - Registered new binding: Toggle Debug Camera - CTRL+7
14:52:45.632 [FXGL Background Thread 4 ] DEBUG FXGLAssetLoaderServi - Loading from file system: jar:file:///C:/Users/Johan/.m2/repository/com/github/AlmasB/fxgl/17.3/fxgl-17.3.jar!/fxglassets/ui/fonts/TerminalLandMono-Regular.otf
14:52:45.634 [FXGL Background Thread 4 ] DEBUG FXGLAssetLoaderServi - Loading from file system: jar:file:///C:/Users/Johan/.m2/repository/com/github/AlmasB/fxgl/17.3/fxgl-17.3.jar!/fxglassets/ui/fonts/Courier-Prime.ttf
14:52:45.639 [JavaFX Application Thread] DEBUG LoopRunner           - Starting loop
14:52:45.639 [JavaFX Application Thread] DEBUG LoopRunner           - Initializing JavaFX AnimationTimerLoop
14:52:45.641 [JavaFX Application Thread] DEBUG GameApplicationServi - Starting new game
14:52:45.641 [JavaFX Application Thread] DEBUG Input                - Clearing active input actions
14:52:45.651 [JavaFX Application Thread] DEBUG GameApplicationServi - Removing overlay from FXGLStartupScene and adding to FXGLLoadingScene
14:52:45.651 [JavaFX Application Thread] DEBUG PrimaryStageWindow   - FXGLStartupScene -> FXGLLoadingScene
14:52:45.651 [JavaFX Application Thread] DEBUG GameApplicationServi - Clearing previous game
14:52:45.651 [JavaFX Application Thread] DEBUG GameScene            - Clearing game scene
14:52:45.651 [JavaFX Application Thread] DEBUG GameWorld            - Clearing game world
14:52:45.652 [JavaFX Application Thread] DEBUG PhysicsWorld         - Clearing physics world
14:52:45.653 [JavaFX Application Thread] DEBUG FXGLApplication      - Registering font factories with UI factory
14:52:45.654 [FXGL Background Thread 4 ] DEBUG FXGLApplication      - Initializing game
14:52:45.719 [FXGL Background Thread 4 ] WARN  TMXLevelLoader       - TiledMap generated from 1.11.2. Supported version: 1.9.0. Some features may not be parsed fully.
14:52:45.756 [FXGL Background Thread 4 ] DEBUG TMXLevelLoader       - Parsed TiledMap: file:/C:/UNI/lorenzo.alvarado-Proyecto-Final-DPOO-2025/Galactic%20odyssey/target/classes/assets/levels/MapGame1.tmx
14:52:45.758 [FXGL Background Thread 4 ] DEBUG TMXLevelLoader       - Creating tile layer entities
14:52:45.762 [FXGL Background Thread 4 ] DEBUG TilesetLoader        - Loading view for layer Espacio
14:52:45.765 [FXGL Background Thread 4 ] DEBUG TilesetLoader        - Created buffer with size 1920.0x960.0
14:52:45.822 [FXGL Background Thread 4 ] DEBUG TilesetLoader        - Loading view for layer Planetas
14:52:45.831 [FXGL Background Thread 4 ] DEBUG TilesetLoader        - Created buffer with size 1920.0x960.0
14:52:45.832 [FXGL Background Thread 4 ] DEBUG TilesetLoader        - Loading view for layer Suelo
14:52:45.839 [FXGL Background Thread 4 ] DEBUG TilesetLoader        - Created buffer with size 1920.0x960.0
14:52:45.846 [FXGL Background Thread 4 ] DEBUG TilesetLoader        - Loading view for layer Suelo ruinas
14:52:45.852 [FXGL Background Thread 4 ] DEBUG TilesetLoader        - Created buffer with size 1920.0x960.0
14:52:45.853 [FXGL Background Thread 4 ] DEBUG TilesetLoader        - Loading view for layer Torres ruinas
14:52:45.856 [FXGL Background Thread 4 ] DEBUG TilesetLoader        - Created buffer with size 1920.0x960.0
14:52:45.918 [FXGL Background Thread 4 ] DEBUG TilesetLoader        - Loading view for layer Cristales espaciales
14:52:45.922 [FXGL Background Thread 4 ] DEBUG TilesetLoader        - Created buffer with size 1920.0x960.0
14:52:45.923 [FXGL Background Thread 4 ] DEBUG TilesetLoader        - Loading view for layer Rocas1
14:52:45.925 [FXGL Background Thread 4 ] DEBUG TilesetLoader        - Created buffer with size 1920.0x960.0
14:52:45.954 [FXGL Background Thread 4 ] DEBUG TilesetLoader        - Loading view for layer Muro
14:52:45.956 [FXGL Background Thread 4 ] DEBUG TilesetLoader        - Created buffer with size 1920.0x960.0
14:52:45.957 [FXGL Background Thread 4 ] DEBUG TilesetLoader        - Loading view for layer Rocas
14:52:45.960 [FXGL Background Thread 4 ] DEBUG TilesetLoader        - Created buffer with size 1920.0x960.0
14:52:45.963 [FXGL Background Thread 4 ] DEBUG TilesetLoader        - Loading view for layer Rocas2
14:52:45.967 [FXGL Background Thread 4 ] DEBUG TilesetLoader        - Created buffer with size 1920.0x960.0
14:52:45.968 [FXGL Background Thread 4 ] DEBUG TilesetLoader        - Loading view for layer Naves
14:52:45.973 [FXGL Background Thread 4 ] DEBUG TilesetLoader        - Created buffer with size 1920.0x960.0
14:52:45.974 [FXGL Background Thread 4 ] DEBUG TilesetLoader        - Loading view for layer Objetos
14:52:45.979 [FXGL Background Thread 4 ] DEBUG TilesetLoader        - Created buffer with size 1920.0x960.0
14:52:45.979 [FXGL Background Thread 4 ] DEBUG TMXLevelLoader       - Creating object layer entities
14:52:45.981 [FXGL Background Thread 4 ] WARN  TMXLevelLoader       - Parse error
java.lang.IllegalArgumentException: No EntityFactory has a method annotated @Spawns(obstaculo)
	at com.almasb.fxgl.entity@17.3/com.almasb.fxgl.entity.GameWorld.create(GameWorld.kt:413)
	at com.almasb.fxgl.entity@17.3/com.almasb.fxgl.entity.level.tiled.TMXLevelLoader.createObjectLayerEntities(TMXLevelLoader.kt:155)
	at com.almasb.fxgl.entity@17.3/com.almasb.fxgl.entity.level.tiled.TMXLevelLoader.load(TMXLevelLoader.kt:60)
	at com.almasb.fxgl.all@17.3/com.almasb.fxgl.app.services.FXGLAssetLoaderService.loadLevel(FXGLAssetLoaderService.kt:430)
	at com.almasb.fxgl.all@17.3/com.almasb.fxgl.dsl.FXGL$Companion.setLevelFromMap(FXGL.kt:634)
	at com.almasb.fxgl.all@17.3/com.almasb.fxgl.dsl.FXGL.setLevelFromMap(FXGL.kt)
	at Game.main/View.Maps.Map_1.MapLoader.loadMap(MapLoader.java:14)
	at Game.main/levels.level1.Level1.initLevel(Level1.java:28)
	at Game.main/App.MainApp.loadLevel(MainApp.java:225)
	at Game.main/App.MainApp.startNewGame(MainApp.java:213)
	at Game.main/App.MainApp.initGame(MainApp.java:64)
	at com.almasb.fxgl.all@17.3/com.almasb.fxgl.app.FXGLApplication$InitAppTask.initGame(FXGLApplication.kt:339)
	at com.almasb.fxgl.all@17.3/com.almasb.fxgl.app.FXGLApplication$InitAppTask.call(FXGLApplication.kt:319)
	at com.almasb.fxgl.all@17.3/com.almasb.fxgl.app.FXGLApplication$InitAppTask.call(FXGLApplication.kt:311)
	at javafx.graphics/javafx.concurrent.Task$TaskCallable.call(Task.java:1426)
	at java.base/java.util.concurrent.FutureTask.run(FutureTask.java:264)
	at java.base/java.util.concurrent.Executors$RunnableAdapter.call(Executors.java:539)
	at java.base/java.util.concurrent.FutureTask.run(FutureTask.java:264)
	at java.base/java.util.concurrent.ThreadPoolExecutor.runWorker(ThreadPoolExecutor.java:1136)
	at java.base/java.util.concurrent.ThreadPoolExecutor$Worker.run(ThreadPoolExecutor.java:635)
	at java.base/java.lang.Thread.run(Thread.java:842)

14:52:45.982 [JavaFX Application Thread] DEBUG LoopRunner           - Stopping loop
14:52:45.983 [JavaFX Application Thread] FATAL FXGLApplication      - Uncaught Exception:
java.lang.RuntimeException: Initialization failed
	at com.almasb.fxgl.all@17.3/com.almasb.fxgl.app.FXGLApplication$InitAppTask.failed(FXGLApplication.kt:343)
	at javafx.graphics/javafx.concurrent.Task.setState(Task.java:710)
	at javafx.graphics/javafx.concurrent.Task$TaskCallable.lambda$call$2(Task.java:1456)
	at javafx.graphics/com.sun.javafx.application.PlatformImpl.lambda$runLater$10(PlatformImpl.java:457)
	at java.base/java.security.AccessController.doPrivileged(AccessController.java:399)
	at javafx.graphics/com.sun.javafx.application.PlatformImpl.lambda$runLater$11(PlatformImpl.java:456)
	at javafx.graphics/com.sun.glass.ui.InvokeLaterDispatcher$Future.run(InvokeLaterDispatcher.java:96)
	at javafx.graphics/com.sun.glass.ui.win.WinApplication._runLoop(Native Method)
	at javafx.graphics/com.sun.glass.ui.win.WinApplication.lambda$runLoop$3(WinApplication.java:184)
	at java.base/java.lang.Thread.run(Thread.java:842)
Caused by: com.almasb.fxgl.entity.level.LevelLoadingException: No EntityFactory has a method annotated @Spawns(obstaculo)
	at com.almasb.fxgl.entity@17.3/com.almasb.fxgl.entity.level.tiled.TMXLevelLoader.load(TMXLevelLoader.kt:78)
	at com.almasb.fxgl.all@17.3/com.almasb.fxgl.app.services.FXGLAssetLoaderService.loadLevel(FXGLAssetLoaderService.kt:430)
	at com.almasb.fxgl.all@17.3/com.almasb.fxgl.dsl.FXGL$Companion.setLevelFromMap(FXGL.kt:634)
	at com.almasb.fxgl.all@17.3/com.almasb.fxgl.dsl.FXGL.setLevelFromMap(FXGL.kt)
	at Game.main/View.Maps.Map_1.MapLoader.loadMap(MapLoader.java:14)
	at Game.main/levels.level1.Level1.initLevel(Level1.java:28)
	at Game.main/App.MainApp.loadLevel(MainApp.java:225)
	at Game.main/App.MainApp.startNewGame(MainApp.java:213)
	at Game.main/App.MainApp.initGame(MainApp.java:64)
	at com.almasb.fxgl.all@17.3/com.almasb.fxgl.app.FXGLApplication$InitAppTask.initGame(FXGLApplication.kt:339)
	at com.almasb.fxgl.all@17.3/com.almasb.fxgl.app.FXGLApplication$InitAppTask.call(FXGLApplication.kt:319)
	at com.almasb.fxgl.all@17.3/com.almasb.fxgl.app.FXGLApplication$InitAppTask.call(FXGLApplication.kt:311)
	at javafx.graphics/javafx.concurrent.Task$TaskCallable.call(Task.java:1426)
	at java.base/java.util.concurrent.FutureTask.run(FutureTask.java:264)
	at java.base/java.util.concurrent.Executors$RunnableAdapter.call(Executors.java:539)
	at java.base/java.util.concurrent.FutureTask.run(FutureTask.java:264)
	at java.base/java.util.concurrent.ThreadPoolExecutor.runWorker(ThreadPoolExecutor.java:1136)
	at java.base/java.util.concurrent.ThreadPoolExecutor$Worker.run(ThreadPoolExecutor.java:635)
	... 1 more
Caused by: java.lang.IllegalArgumentException: No EntityFactory has a method annotated @Spawns(obstaculo)
	at com.almasb.fxgl.entity@17.3/com.almasb.fxgl.entity.GameWorld.create(GameWorld.kt:413)
	at com.almasb.fxgl.entity@17.3/com.almasb.fxgl.entity.level.tiled.TMXLevelLoader.createObjectLayerEntities(TMXLevelLoader.kt:155)
	at com.almasb.fxgl.entity@17.3/com.almasb.fxgl.entity.level.tiled.TMXLevelLoader.load(TMXLevelLoader.kt:60)
	... 18 more

14:52:45.983 [JavaFX Application Thread] FATAL FXGLApplication      - Application will now exit
14:52:45.995 [JavaFX Application Thread] DEBUG PrimaryStageWindow   - Push state: ErrorSubScene
14:52:45.995 [JavaFX Application Thread] DEBUG Input                - Clearing active input actions
14:52:45.997 [JavaFX Application Thread] DEBUG GameApplicationServi - Removing overlay from FXGLLoadingScene and adding to ErrorSubScene
14:52:45.998 [JavaFX Application Thread] DEBUG PrimaryStageWindow   - FXGLLoadingScene -> ErrorSubScene
14:52:46.621 [FXGL Background Thread 2 ] INFO  UpdaterService       - Your current version:  17.3
14:52:46.621 [FXGL Background Thread 2 ] INFO  UpdaterService       - Latest stable version: 21.1
14:52:48.487 [JavaFX Application Thread] DEBUG FXGLApplication      - Exiting FXGL
14:52:48.487 [JavaFX Application Thread] DEBUG Async                - Shutting down background threads
14:52:48.487 [JavaFX Application Thread] DEBUG PrimaryStageWindow   - Closing main window
14:52:48.548 [JavaFX Application Thread] DEBUG Logger               - Closing Logger
