17:14:02.210 [main                     ] DEBUG Logger               - Configured Logger
17:14:02.239 [main                     ] DEBUG GameApplication      - Logging settings
Title: Galactic Odyssey
Version: 0.0
Width: 1500
Height: 800
Fullscreen: false
Intro: false
Profiling: false
Single step:false
App Mode: DEVELOPER
Menu Key: ESCAPE
Stage Style: DECORATED
Scene Factory: class com.almasb.fxgl.app.scene.SceneFactory

17:14:02.528 [JavaFX Application Thread] DEBUG FXGLApplication      - Initializing FXGL
17:14:02.533 [JavaFX Application Thread] INFO  Engine               - FXGL-17.3 (30.03.2023 11.49) on WINDOWS (J:17.0.12 FX:17.0.2-ea)
17:14:02.533 [JavaFX Application Thread] DEBUG Engine               - JRE Vendor Name: Oracle Corporation
17:14:02.533 [JavaFX Application Thread] DEBUG Engine               - Running on OS: Windows 11 version 10.0
17:14:02.533 [JavaFX Application Thread] DEBUG Engine               - Architecture: amd64
17:14:02.534 [JavaFX Application Thread] INFO  Engine               - Source code and latest versions at: https://github.com/AlmasB/FXGL
17:14:02.534 [JavaFX Application Thread] INFO  Engine               -       Ask questions and discuss at: https://github.com/AlmasB/FXGL/discussions
17:14:02.534 [JavaFX Application Thread] INFO  Engine               -              Join the FXGL chat at: https://gitter.im/AlmasB/FXGL
17:14:02.591 [JavaFX Application Thread] DEBUG PrimaryStageWindow   - Creating a JavaFX scene
17:14:02.591 [JavaFX Application Thread] DEBUG PrimaryStageWindow   - Target size > screen size
17:14:02.619 [JavaFX Application Thread] DEBUG PrimaryStageWindow   - Target settings size: 1500.0 x 800.0
17:14:02.619 [JavaFX Application Thread] DEBUG PrimaryStageWindow   - Scaled scene size:    1325.0 x 720.0
17:14:02.619 [JavaFX Application Thread] DEBUG PrimaryStageWindow   - Scaled ratio: (0.8833333333333333, 0.9)
17:14:02.620 [JavaFX Application Thread] DEBUG PrimaryStageWindow   - Set initial scene to FXGLStartupScene
17:14:02.624 [JavaFX Application Thread] DEBUG PrimaryStageWindow   - Opening main window
17:14:02.698 [JavaFX Application Thread] DEBUG PrimaryStageWindow   - Window border size: (16.0, 39.0)
17:14:02.699 [JavaFX Application Thread] DEBUG PrimaryStageWindow   - Scaled size: 1325.0 x 720.0
17:14:02.699 [JavaFX Application Thread] DEBUG PrimaryStageWindow   - Scaled ratio: (0.8833333333333333, 0.9)
17:14:02.699 [JavaFX Application Thread] DEBUG PrimaryStageWindow   - Scene size: 1325.0 x 720.0
17:14:02.699 [JavaFX Application Thread] DEBUG PrimaryStageWindow   - Stage size: 1341.0 x 759.0
17:14:02.707 [FXGL Background Thread 1 ] DEBUG Engine               - Initializing environment variables
17:14:02.746 [FXGL Background Thread 1 ] DEBUG FXGLAssetLoaderServi - User app class for loading assets: class App.MainApp
17:14:02.746 [FXGL Background Thread 1 ] DEBUG GameApplicationServi - Applying CSS: fxgl_dark.css
17:14:02.747 [FXGL Background Thread 1 ] DEBUG FXGLAssetLoaderServi - Loading from file system: jar:file:///C:/Users/Johan/.m2/repository/com/github/AlmasB/fxgl/17.3/fxgl-17.3.jar!/fxglassets/ui/css/fxgl_dark.css
17:14:02.793 [FXGL Background Thread 1 ] DEBUG GameApplicationServi - Initializing application scenes
17:14:02.828 [FXGL Background Thread 1 ] DEBUG GameWorld            - Game world initialized
17:14:02.898 [FXGL Background Thread 1 ] DEBUG PhysicsWorld         - Physics world initialized: appHeight=800, physics.ppm=50.0
17:14:02.899 [FXGL Background Thread 1 ] DEBUG PhysicsWorld         - Using strategy: BRUTE_FORCE
17:14:02.905 [FXGL Background Thread 1 ] DEBUG GameScene            - Game scene initialized: 1500x800
17:14:02.920 [FXGL Background Thread 1 ] DEBUG FXGL.DefaultMenu     - createMenuBodyGameMenu()
17:14:02.933 [FXGL Background Thread 1 ] DEBUG FXGL.DefaultMenu     - createOptionsMenu()
17:14:02.943 [FXGL Background Thread 1 ] DEBUG FXGLAssetLoaderServi - Loading from file system: jar:file:///C:/Users/Johan/.m2/repository/com/github/AlmasB/fxgl/17.3/fxgl-17.3.jar!/fxglassets/textures/particles/smoke.png
17:14:03.029 [FXGL Background Thread 1 ] DEBUG FXGLAssetLoaderServi - Loading from file system: jar:file:///C:/Users/Johan/.m2/repository/com/github/AlmasB/fxgl/17.3/fxgl-17.3.jar!/fxglassets/textures/particles/trace_horizontal.png
17:14:03.048 [FXGL Background Thread 1 ] DEBUG GameApplicationServi - Application scenes initialized
17:14:03.061 [FXGL Background Thread 1 ] DEBUG SystemBundleService  - Loading FXGL system data
17:14:03.068 [FXGL Background Thread 1 ] DEBUG FileSystemAccess     - Reading from: C:\UNI\lorenzo.alvarado-Proyecto-Final-DPOO-2025\system\fxgl.bundle
17:14:03.075 [FXGL Background Thread 1 ] DEBUG SystemBundleService  - Bundle FXGL: {}
17:14:03.076 [FXGL Background Thread 1 ] DEBUG UpdaterService       - Checking for updates
17:14:03.082 [FXGL Background Thread 4 ] DEBUG FXGLApplication      - Loading fonts
17:14:03.082 [FXGL Background Thread 4 ] DEBUG FXGLAssetLoaderServi - Loading from file system: jar:file:///C:/Users/Johan/.m2/repository/com/github/AlmasB/fxgl/17.3/fxgl-17.3.jar!/fxglassets/ui/fonts/VarelaRound-Regular.ttf
17:14:03.083 [FXGL Background Thread 1 ] DEBUG FXGLApplication      - Loading default localization
17:14:03.085 [FXGL Background Thread 1 ] DEBUG FXGLAssetLoaderServi - Loading from file system: jar:file:///C:/Users/Johan/.m2/repository/com/github/AlmasB/fxgl/17.3/fxgl-17.3.jar!/fxglassets/languages/english.lang
17:14:03.110 [FXGL Background Thread 1 ] INFO  FXGLApplication      - FXGL initialization took: 0.403 sec
17:14:03.119 [JavaFX Application Thread] DEBUG Input                - Registered new binding: Move Left - A
17:14:03.119 [JavaFX Application Thread] DEBUG Input                - Registered new binding: Move Right - D
17:14:03.119 [JavaFX Application Thread] DEBUG Input                - Registered new binding: Move Up - W
17:14:03.119 [JavaFX Application Thread] DEBUG Input                - Registered new binding: Move Down - S
17:14:03.120 [JavaFX Application Thread] DEBUG Input                - Registered new binding: End Turn - Enter
17:14:03.121 [JavaFX Application Thread] DEBUG Input                - Registered new binding: Hero Attack - LMB
17:14:03.121 [JavaFX Application Thread] DEBUG Input                - Registered new binding: Special Ability - RMB
17:14:03.121 [JavaFX Application Thread] DEBUG FXGLAssetLoaderServi - Loading from file system: jar:file:///C:/Users/Johan/.m2/repository/com/github/AlmasB/fxgl/17.3/fxgl-17.3.jar!/fxglassets/textures/fxgl_icon.png
17:14:03.138 [JavaFX Application Thread] DEBUG FXGLAssetLoaderServi - Loading from file system: jar:file:///C:/Users/Johan/.m2/repository/com/github/AlmasB/fxgl/17.3/fxgl-17.3.jar!/fxglassets/textures/fxgl_default_cursor.png
17:14:03.140 [JavaFX Application Thread] DEBUG Input                - Registered new binding: Screenshot - CTRL+8
17:14:03.140 [JavaFX Application Thread] DEBUG Input                - Registered new binding: System info dump - CTRL+9
17:14:03.142 [JavaFX Application Thread] DEBUG Input                - Registered new binding: Restart - CTRL+R
17:14:03.144 [JavaFX Application Thread] DEBUG Input                - Registered new binding: Toggle Debug Camera - CTRL+7
17:14:03.149 [JavaFX Application Thread] DEBUG LoopRunner           - Starting loop
17:14:03.149 [JavaFX Application Thread] DEBUG LoopRunner           - Initializing JavaFX AnimationTimerLoop
17:14:03.149 [FXGL Background Thread 4 ] DEBUG FXGLAssetLoaderServi - Loading from file system: jar:file:///C:/Users/Johan/.m2/repository/com/github/AlmasB/fxgl/17.3/fxgl-17.3.jar!/fxglassets/ui/fonts/Abel-Regular.ttf
17:14:03.153 [FXGL Background Thread 4 ] DEBUG FXGLAssetLoaderServi - Loading from file system: jar:file:///C:/Users/Johan/.m2/repository/com/github/AlmasB/fxgl/17.3/fxgl-17.3.jar!/fxglassets/ui/fonts/TerminalLandMono-Regular.otf
17:14:03.154 [JavaFX Application Thread] DEBUG GameApplicationServi - Starting new game
17:14:03.155 [JavaFX Application Thread] DEBUG Input                - Clearing active input actions
17:14:03.156 [FXGL Background Thread 4 ] DEBUG FXGLAssetLoaderServi - Loading from file system: jar:file:///C:/Users/Johan/.m2/repository/com/github/AlmasB/fxgl/17.3/fxgl-17.3.jar!/fxglassets/ui/fonts/Courier-Prime.ttf
17:14:03.164 [JavaFX Application Thread] DEBUG GameApplicationServi - Removing overlay from FXGLStartupScene and adding to FXGLLoadingScene
17:14:03.164 [JavaFX Application Thread] DEBUG PrimaryStageWindow   - FXGLStartupScene -> FXGLLoadingScene
17:14:03.164 [JavaFX Application Thread] DEBUG GameApplicationServi - Clearing previous game
17:14:03.164 [JavaFX Application Thread] DEBUG GameScene            - Clearing game scene
17:14:03.164 [JavaFX Application Thread] DEBUG GameWorld            - Clearing game world
17:14:03.165 [JavaFX Application Thread] DEBUG PhysicsWorld         - Clearing physics world
17:14:03.166 [FXGL Background Thread 4 ] DEBUG FXGLApplication      - Initializing game
17:14:03.207 [JavaFX Application Thread] DEBUG FXGLApplication      - Registering font factories with UI factory
17:14:03.222 [FXGL Background Thread 4 ] WARN  TMXLevelLoader       - TiledMap generated from 1.11.2. Supported version: 1.9.0. Some features may not be parsed fully.
17:14:03.264 [FXGL Background Thread 4 ] DEBUG TMXLevelLoader       - Parsed TiledMap: file:/C:/UNI/lorenzo.alvarado-Proyecto-Final-DPOO-2025/Galactic%20odyssey/target/classes/assets/levels/MapGame1.tmx
17:14:03.265 [FXGL Background Thread 4 ] DEBUG TMXLevelLoader       - Creating tile layer entities
17:14:03.267 [FXGL Background Thread 4 ] DEBUG TilesetLoader        - Loading view for layer Espacio
17:14:03.270 [FXGL Background Thread 4 ] DEBUG TilesetLoader        - Created buffer with size 1920.0x960.0
17:14:03.330 [FXGL Background Thread 4 ] DEBUG TilesetLoader        - Loading view for layer Planetas
17:14:03.332 [FXGL Background Thread 4 ] DEBUG TilesetLoader        - Created buffer with size 1920.0x960.0
17:14:03.333 [FXGL Background Thread 4 ] DEBUG TilesetLoader        - Loading view for layer Suelo
17:14:03.337 [FXGL Background Thread 4 ] DEBUG TilesetLoader        - Created buffer with size 1920.0x960.0
17:14:03.341 [FXGL Background Thread 4 ] DEBUG TilesetLoader        - Loading view for layer Suelo ruinas
17:14:03.352 [FXGL Background Thread 4 ] DEBUG TilesetLoader        - Created buffer with size 1920.0x960.0
17:14:03.353 [FXGL Background Thread 4 ] DEBUG TilesetLoader        - Loading view for layer Torres ruinas
17:14:03.362 [FXGL Background Thread 4 ] DEBUG TilesetLoader        - Created buffer with size 1920.0x960.0
17:14:03.431 [FXGL Background Thread 4 ] DEBUG TilesetLoader        - Loading view for layer Cristales espaciales
17:14:03.436 [FXGL Background Thread 4 ] DEBUG TilesetLoader        - Created buffer with size 1920.0x960.0
17:14:03.438 [FXGL Background Thread 4 ] DEBUG TilesetLoader        - Loading view for layer Rocas1
17:14:03.441 [FXGL Background Thread 4 ] DEBUG TilesetLoader        - Created buffer with size 1920.0x960.0
17:14:03.470 [FXGL Background Thread 4 ] DEBUG TilesetLoader        - Loading view for layer Muro
17:14:03.473 [FXGL Background Thread 4 ] DEBUG TilesetLoader        - Created buffer with size 1920.0x960.0
17:14:03.474 [FXGL Background Thread 4 ] DEBUG TilesetLoader        - Loading view for layer Rocas
17:14:03.477 [FXGL Background Thread 4 ] DEBUG TilesetLoader        - Created buffer with size 1920.0x960.0
17:14:03.478 [FXGL Background Thread 4 ] DEBUG TilesetLoader        - Loading view for layer Rocas2
17:14:03.480 [FXGL Background Thread 4 ] DEBUG TilesetLoader        - Created buffer with size 1920.0x960.0
17:14:03.481 [FXGL Background Thread 4 ] DEBUG TilesetLoader        - Loading view for layer Naves
17:14:03.484 [FXGL Background Thread 4 ] DEBUG TilesetLoader        - Created buffer with size 1920.0x960.0
17:14:03.485 [FXGL Background Thread 4 ] DEBUG TilesetLoader        - Loading view for layer Objetos
17:14:03.489 [FXGL Background Thread 4 ] DEBUG TilesetLoader        - Created buffer with size 1920.0x960.0
17:14:03.489 [FXGL Background Thread 4 ] DEBUG TMXLevelLoader       - Creating object layer entities
17:14:03.511 [FXGL Background Thread 4 ] DEBUG GameWorld            - Clearing removable entities
17:14:03.511 [FXGL Background Thread 4 ] DEBUG GameWorld            - Setting level: com.almasb.fxgl.entity.level.Level@4f868bd2
17:14:03.515 [FXGL Background Thread 4 ] DEBUG FXGLAssetLoaderServi - Loading from file system: file:/C:/UNI/lorenzo.alvarado-Proyecto-Final-DPOO-2025/Galactic%20odyssey/target/classes/assets/textures/personaje.png
17:14:03.518 [FXGL Background Thread 4 ] DEBUG FXGLAssetLoaderServi - Loading from file system: file:/C:/UNI/lorenzo.alvarado-Proyecto-Final-DPOO-2025/Galactic%20odyssey/target/classes/assets/textures/combatDrone.png
17:14:03.554 [FXGL Background Thread 4 ] DEBUG FXGLAssetLoaderServi - Loading from file system: file:/C:/UNI/lorenzo.alvarado-Proyecto-Final-DPOO-2025/Galactic%20odyssey/target/classes/assets/textures/menu_background.png
17:14:03.568 [FXGL Background Thread 4 ] INFO  FXGLApplication      - Game initialization took: 0.402 sec
17:14:03.569 [JavaFX Application Thread] DEBUG Input                - Clearing active input actions
17:14:03.579 [JavaFX Application Thread] DEBUG GameApplicationServi - Removing overlay from FXGLLoadingScene and adding to GameScene
17:14:03.579 [JavaFX Application Thread] DEBUG PrimaryStageWindow   - FXGLLoadingScene -> GameScene
17:14:04.420 [FXGL Background Thread 2 ] INFO  UpdaterService       - Your current version:  17.3
17:14:04.420 [FXGL Background Thread 2 ] INFO  UpdaterService       - Latest stable version: 21.1
17:14:04.858 [JavaFX Application Thread] WARN  TMXLevelLoader       - TiledMap generated from 1.11.2. Supported version: 1.9.0. Some features may not be parsed fully.
17:14:04.893 [JavaFX Application Thread] DEBUG TMXLevelLoader       - Parsed TiledMap: file:/C:/UNI/lorenzo.alvarado-Proyecto-Final-DPOO-2025/Galactic%20odyssey/target/classes/assets/levels/MapGame1.tmx
17:14:04.893 [JavaFX Application Thread] DEBUG TMXLevelLoader       - Creating tile layer entities
17:14:04.894 [JavaFX Application Thread] DEBUG TilesetLoader        - Loading view for layer Espacio
17:14:04.898 [JavaFX Application Thread] DEBUG TilesetLoader        - Created buffer with size 1920.0x960.0
17:14:04.936 [JavaFX Application Thread] DEBUG TilesetLoader        - Loading view for layer Planetas
17:14:04.942 [JavaFX Application Thread] DEBUG TilesetLoader        - Created buffer with size 1920.0x960.0
17:14:04.943 [JavaFX Application Thread] DEBUG TilesetLoader        - Loading view for layer Suelo
17:14:04.946 [JavaFX Application Thread] DEBUG TilesetLoader        - Created buffer with size 1920.0x960.0
17:14:04.950 [JavaFX Application Thread] DEBUG TilesetLoader        - Loading view for layer Suelo ruinas
17:14:04.953 [JavaFX Application Thread] DEBUG TilesetLoader        - Created buffer with size 1920.0x960.0
17:14:04.954 [JavaFX Application Thread] DEBUG TilesetLoader        - Loading view for layer Torres ruinas
17:14:04.959 [JavaFX Application Thread] DEBUG TilesetLoader        - Created buffer with size 1920.0x960.0
17:14:04.987 [JavaFX Application Thread] DEBUG TilesetLoader        - Loading view for layer Cristales espaciales
17:14:04.993 [JavaFX Application Thread] DEBUG TilesetLoader        - Created buffer with size 1920.0x960.0
17:14:04.993 [JavaFX Application Thread] DEBUG TilesetLoader        - Loading view for layer Rocas1
17:14:05.000 [JavaFX Application Thread] DEBUG TilesetLoader        - Created buffer with size 1920.0x960.0
17:14:05.027 [JavaFX Application Thread] DEBUG TilesetLoader        - Loading view for layer Muro
17:14:05.035 [JavaFX Application Thread] DEBUG TilesetLoader        - Created buffer with size 1920.0x960.0
17:14:05.038 [JavaFX Application Thread] DEBUG TilesetLoader        - Loading view for layer Rocas
17:14:05.041 [JavaFX Application Thread] DEBUG TilesetLoader        - Created buffer with size 1920.0x960.0
17:14:05.042 [JavaFX Application Thread] DEBUG TilesetLoader        - Loading view for layer Rocas2
17:14:05.048 [JavaFX Application Thread] DEBUG TilesetLoader        - Created buffer with size 1920.0x960.0
17:14:05.048 [JavaFX Application Thread] DEBUG TilesetLoader        - Loading view for layer Naves
17:14:05.050 [JavaFX Application Thread] DEBUG TilesetLoader        - Created buffer with size 1920.0x960.0
17:14:05.051 [JavaFX Application Thread] DEBUG TilesetLoader        - Loading view for layer Objetos
17:14:05.053 [JavaFX Application Thread] DEBUG TilesetLoader        - Created buffer with size 1920.0x960.0
17:14:05.054 [JavaFX Application Thread] DEBUG TMXLevelLoader       - Creating object layer entities
17:14:05.060 [JavaFX Application Thread] DEBUG GameWorld            - Clearing removable entities
17:14:05.064 [JavaFX Application Thread] DEBUG GameWorld            - Setting level: com.almasb.fxgl.entity.level.Level@19f001a9
17:14:06.080 [FXGL Background Thread 3 ] DEBUG Engine               - Logging environment variables
17:14:06.081 [FXGL Background Thread 3 ] DEBUG Engine               - achievements: []
17:14:06.081 [FXGL Background Thread 3 ] DEBUG Engine               - actualHeight: 720.0
17:14:06.081 [FXGL Background Thread 3 ] DEBUG Engine               - actualHeightProperty: ReadOnlyDoubleProperty [value: 720.0]
17:14:06.081 [FXGL Background Thread 3 ] DEBUG Engine               - actualWidth: 1325.0
17:14:06.081 [FXGL Background Thread 3 ] DEBUG Engine               - actualWidthProperty: ReadOnlyDoubleProperty [value: 1325.0]
17:14:06.081 [FXGL Background Thread 3 ] DEBUG Engine               - appIcon: fxgl_icon.png
17:14:06.081 [FXGL Background Thread 3 ] DEBUG Engine               - applicationMode: DEVELOPER
17:14:06.081 [FXGL Background Thread 3 ] DEBUG Engine               - cSSList: [fxgl_dark.css]
17:14:06.081 [FXGL Background Thread 3 ] DEBUG Engine               - collisionDetectionStrategy: BRUTE_FORCE
17:14:06.081 [FXGL Background Thread 3 ] DEBUG Engine               - configClass: Optional.empty
17:14:06.081 [FXGL Background Thread 3 ] DEBUG Engine               - credits: []
17:14:06.083 [FXGL Background Thread 3 ] DEBUG Engine               - defaultCursor: CursorInfo(imageName=fxgl_default_cursor.png, hotspotX=7.0, hotspotY=6.0)
17:14:06.083 [FXGL Background Thread 3 ] DEBUG Engine               - devBBoxColorProperty: ObjectProperty [value: 0xff0000ff]
17:14:06.083 [FXGL Background Thread 3 ] DEBUG Engine               - devEnableDebugCameraProperty: BooleanProperty [value: false]
17:14:06.084 [FXGL Background Thread 3 ] DEBUG Engine               - devSensorColorProperty: ObjectProperty [value: 0xffff00ff]
17:14:06.084 [FXGL Background Thread 3 ] DEBUG Engine               - devShowBBoxProperty: BooleanProperty [value: false]
17:14:06.084 [FXGL Background Thread 3 ] DEBUG Engine               - devShowPositionProperty: BooleanProperty [value: false]
17:14:06.084 [FXGL Background Thread 3 ] DEBUG Engine               - enabledMenuItems: []
17:14:06.084 [FXGL Background Thread 3 ] DEBUG Engine               - engineServices: [class com.almasb.fxgl.app.services.FXGLAssetLoaderService, class com.almasb.fxgl.app.FXGLApplication$GameApplicationService, class com.almasb.fxgl.app.services.FXGLDialogService, class com.almasb.fxgl.app.services.IOTaskExecutorService, class com.almasb.fxgl.io.FileSystemService, class com.almasb.fxgl.localization.LocalizationService, class com.almasb.fxgl.app.services.SystemBundleService, class com.almasb.fxgl.profile.SaveLoadService, class com.almasb.fxgl.ui.FXGLUIFactoryServiceProvider, class com.almasb.fxgl.ui.FXGLDialogFactoryServiceProvider, class com.almasb.fxgl.audio.AudioPlayer, class com.almasb.fxgl.notification.impl.NotificationServiceProvider, class com.almasb.fxgl.achievement.AchievementService, class com.almasb.fxgl.cutscene.CutsceneService, class com.almasb.fxgl.minigames.MiniGameService, class com.almasb.fxgl.net.NetService, class com.almasb.fxgl.app.services.UpdaterService, class com.almasb.fxgl.dev.DevService]
17:14:06.084 [FXGL Background Thread 3 ] DEBUG Engine               - fontGame: Abel-Regular.ttf
17:14:06.084 [FXGL Background Thread 3 ] DEBUG Engine               - fontMono: TerminalLandMono-Regular.otf
17:14:06.084 [FXGL Background Thread 3 ] DEBUG Engine               - fontSizeScaleUI: 1.0
17:14:06.084 [FXGL Background Thread 3 ] DEBUG Engine               - fontText: Courier-Prime.ttf
17:14:06.084 [FXGL Background Thread 3 ] DEBUG Engine               - fontUI: VarelaRound-Regular.ttf
17:14:06.085 [FXGL Background Thread 3 ] DEBUG Engine               - fullScreen: BooleanProperty [value: false]
17:14:06.086 [FXGL Background Thread 3 ] DEBUG Engine               - gameDifficulty: MEDIUM
17:14:06.086 [FXGL Background Thread 3 ] DEBUG Engine               - gameDifficultyProperty: ObjectProperty [value: MEDIUM]
17:14:06.086 [FXGL Background Thread 3 ] DEBUG Engine               - globalMusicVolume: 0.5
17:14:06.088 [FXGL Background Thread 3 ] DEBUG Engine               - globalMusicVolumeProperty: DoubleProperty [value: 0.5]
17:14:06.088 [FXGL Background Thread 3 ] DEBUG Engine               - globalSoundVolume: 0.5
17:14:06.088 [FXGL Background Thread 3 ] DEBUG Engine               - globalSoundVolumeProperty: DoubleProperty [value: 0.5]
17:14:06.088 [FXGL Background Thread 3 ] DEBUG Engine               - height: 800
17:14:06.088 [FXGL Background Thread 3 ] DEBUG Engine               - is3D: false
17:14:06.088 [FXGL Background Thread 3 ] DEBUG Engine               - isAndroid: false
17:14:06.088 [FXGL Background Thread 3 ] DEBUG Engine               - isBrowser: false
17:14:06.088 [FXGL Background Thread 3 ] DEBUG Engine               - isClickFeedbackEnabled: false
17:14:06.089 [FXGL Background Thread 3 ] DEBUG Engine               - isCloseConfirmation: false
17:14:06.089 [FXGL Background Thread 3 ] DEBUG Engine               - isDesktop: true
17:14:06.089 [FXGL Background Thread 3 ] DEBUG Engine               - isDeveloperMenuEnabled: false
17:14:06.089 [FXGL Background Thread 3 ] DEBUG Engine               - isEmbedded: false
17:14:06.089 [FXGL Background Thread 3 ] DEBUG Engine               - isEntityPreloadEnabled: true
17:14:06.089 [FXGL Background Thread 3 ] DEBUG Engine               - isExperimentalTiledLargeMap: false
17:14:06.089 [FXGL Background Thread 3 ] DEBUG Engine               - isFileSystemWriteAllowed: true
17:14:06.089 [FXGL Background Thread 3 ] DEBUG Engine               - isFullScreenAllowed: false
17:14:06.089 [FXGL Background Thread 3 ] DEBUG Engine               - isFullScreenFromStart: false
17:14:06.089 [FXGL Background Thread 3 ] DEBUG Engine               - isGameMenuEnabled: true
17:14:06.089 [FXGL Background Thread 3 ] DEBUG Engine               - isIOS: false
17:14:06.090 [FXGL Background Thread 3 ] DEBUG Engine               - isIntroEnabled: false
17:14:06.090 [FXGL Background Thread 3 ] DEBUG Engine               - isLinux: false
17:14:06.091 [FXGL Background Thread 3 ] DEBUG Engine               - isMac: false
17:14:06.091 [FXGL Background Thread 3 ] DEBUG Engine               - isMainMenuEnabled: false
17:14:06.091 [FXGL Background Thread 3 ] DEBUG Engine               - isManualResizeEnabled: false
17:14:06.091 [FXGL Background Thread 3 ] DEBUG Engine               - isMobile: false
17:14:06.091 [FXGL Background Thread 3 ] DEBUG Engine               - isNative: false
17:14:06.091 [FXGL Background Thread 3 ] DEBUG Engine               - isPauseMusicWhenMinimized: true
17:14:06.091 [FXGL Background Thread 3 ] DEBUG Engine               - isPreserveResizeRatio: false
17:14:06.091 [FXGL Background Thread 3 ] DEBUG Engine               - isProfilingEnabled: false
17:14:06.091 [FXGL Background Thread 3 ] DEBUG Engine               - isScaleAffectedOnResize: true
17:14:06.091 [FXGL Background Thread 3 ] DEBUG Engine               - isSingleStep: false
17:14:06.093 [FXGL Background Thread 3 ] DEBUG Engine               - isUserProfileEnabled: false
17:14:06.093 [FXGL Background Thread 3 ] DEBUG Engine               - isWindows: true
17:14:06.093 [FXGL Background Thread 3 ] DEBUG Engine               - language: ObjectProperty [value: ENGLISH]
17:14:06.093 [FXGL Background Thread 3 ] DEBUG Engine               - menuKey: ESCAPE
17:14:06.094 [FXGL Background Thread 3 ] DEBUG Engine               - mouseSensitivity: 0.2
17:14:06.094 [FXGL Background Thread 3 ] DEBUG Engine               - notificationViewClass: class com.almasb.fxgl.notification.view.XboxNotificationView
17:14:06.094 [FXGL Background Thread 3 ] DEBUG Engine               - pixelsPerMeter: 50.0
17:14:06.094 [FXGL Background Thread 3 ] DEBUG Engine               - platform: WINDOWS
17:14:06.094 [FXGL Background Thread 3 ] DEBUG Engine               - prefHeightProperty: ReadOnlyDoubleProperty [value: 800.0]
17:14:06.094 [FXGL Background Thread 3 ] DEBUG Engine               - prefWidthProperty: ReadOnlyDoubleProperty [value: 1500.0]
17:14:06.094 [FXGL Background Thread 3 ] DEBUG Engine               - profileDir: profiles/
17:14:06.094 [FXGL Background Thread 3 ] DEBUG Engine               - profileName: StringProperty [value: DEFAULT]
17:14:06.094 [FXGL Background Thread 3 ] DEBUG Engine               - randomSeed: -1
17:14:06.094 [FXGL Background Thread 3 ] DEBUG Engine               - runtimeInfo: RuntimeInfo(platform=WINDOWS, version=17.3, build=30.03.2023 11.49)
17:14:06.094 [FXGL Background Thread 3 ] DEBUG Engine               - saveFileExt: sav
17:14:06.094 [FXGL Background Thread 3 ] DEBUG Engine               - scaledHeightProp$fxgl: DoubleProperty [bound, value: 720.0]
17:14:06.094 [FXGL Background Thread 3 ] DEBUG Engine               - scaledWidthProp$fxgl: DoubleProperty [bound, value: 1325.0]
17:14:06.094 [FXGL Background Thread 3 ] DEBUG Engine               - sceneFactory: com.almasb.fxgl.app.scene.SceneFactory@1576a156
17:14:06.095 [FXGL Background Thread 3 ] DEBUG Engine               - secondsIn24h: 60
17:14:06.095 [FXGL Background Thread 3 ] DEBUG Engine               - soundMenuBack: menu/back.wav
17:14:06.095 [FXGL Background Thread 3 ] DEBUG Engine               - soundMenuPress: menu/press.wav
17:14:06.095 [FXGL Background Thread 3 ] DEBUG Engine               - soundMenuSelect: menu/select.wav
17:14:06.095 [FXGL Background Thread 3 ] DEBUG Engine               - soundNotification: core/notification.wav
17:14:06.095 [FXGL Background Thread 3 ] DEBUG Engine               - stageStyle: DECORATED
17:14:06.095 [FXGL Background Thread 3 ] DEBUG Engine               - supportedLanguages: [ENGLISH, FRENCH, GERMAN, HUNGARIAN, RUSSIAN]
17:14:06.095 [FXGL Background Thread 3 ] DEBUG Engine               - ticksPerSecond: -1
17:14:06.095 [FXGL Background Thread 3 ] DEBUG Engine               - title: Galactic Odyssey
17:14:06.095 [FXGL Background Thread 3 ] DEBUG Engine               - urlGithub: https://github.com/AlmasB/FXGL
17:14:06.095 [FXGL Background Thread 3 ] DEBUG Engine               - urlLeaderboard: http://fxgl-top.herokuapp.com/
17:14:06.095 [FXGL Background Thread 3 ] DEBUG Engine               - urlPOM: https://raw.githubusercontent.com/AlmasB/FXGL/release/README.md
17:14:06.095 [FXGL Background Thread 3 ] DEBUG Engine               - userAppClass: class App.MainApp
17:14:06.095 [FXGL Background Thread 3 ] DEBUG Engine               - version: 0.0
17:14:06.095 [FXGL Background Thread 3 ] DEBUG Engine               - versionCheckDays: 7
17:14:06.095 [FXGL Background Thread 3 ] DEBUG Engine               - width: 1500
17:14:06.095 [FXGL Background Thread 3 ] DEBUG Engine               - Logging services
17:14:06.095 [FXGL Background Thread 3 ] DEBUG Engine               - class com.almasb.fxgl.app.services.FXGLAssetLoaderService
17:14:06.095 [FXGL Background Thread 3 ] DEBUG Engine               - class com.almasb.fxgl.app.FXGLApplication$GameApplicationService
17:14:06.095 [FXGL Background Thread 3 ] DEBUG Engine               - class com.almasb.fxgl.app.services.FXGLDialogService
17:14:06.095 [FXGL Background Thread 3 ] DEBUG Engine               - class com.almasb.fxgl.app.services.IOTaskExecutorService
17:14:06.095 [FXGL Background Thread 3 ] DEBUG Engine               - class com.almasb.fxgl.io.FileSystemService
17:14:06.095 [FXGL Background Thread 3 ] DEBUG Engine               - class com.almasb.fxgl.localization.LocalizationService
17:14:06.095 [FXGL Background Thread 3 ] DEBUG Engine               - class com.almasb.fxgl.app.services.SystemBundleService
17:14:06.095 [FXGL Background Thread 3 ] DEBUG Engine               - class com.almasb.fxgl.profile.SaveLoadService
17:14:06.095 [FXGL Background Thread 3 ] DEBUG Engine               - class com.almasb.fxgl.ui.FXGLUIFactoryServiceProvider
17:14:06.095 [FXGL Background Thread 3 ] DEBUG Engine               - class com.almasb.fxgl.ui.FXGLDialogFactoryServiceProvider
17:14:06.096 [FXGL Background Thread 3 ] DEBUG Engine               - class com.almasb.fxgl.audio.AudioPlayer
17:14:06.096 [FXGL Background Thread 3 ] DEBUG Engine               - class com.almasb.fxgl.notification.impl.NotificationServiceProvider
17:14:06.096 [FXGL Background Thread 3 ] DEBUG Engine               - class com.almasb.fxgl.achievement.AchievementService
17:14:06.096 [FXGL Background Thread 3 ] DEBUG Engine               - class com.almasb.fxgl.cutscene.CutsceneService
17:14:06.096 [FXGL Background Thread 3 ] DEBUG Engine               - class com.almasb.fxgl.minigames.MiniGameService
17:14:06.096 [FXGL Background Thread 3 ] DEBUG Engine               - class com.almasb.fxgl.net.NetService
17:14:06.096 [FXGL Background Thread 3 ] DEBUG Engine               - class com.almasb.fxgl.app.services.UpdaterService
17:14:06.096 [FXGL Background Thread 3 ] DEBUG Engine               - class com.almasb.fxgl.dev.DevService
17:14:09.114 [JavaFX Application Thread] DEBUG FXGLApplication      - Exiting FXGL
17:14:09.114 [JavaFX Application Thread] DEBUG LoopRunner           - Stopping loop
17:14:09.114 [JavaFX Application Thread] DEBUG SystemBundleService  - Saving FXGL system data
17:14:09.118 [JavaFX Application Thread] DEBUG FileSystemAccess     - Writing to: C:\UNI\lorenzo.alvarado-Proyecto-Final-DPOO-2025\system\fxgl.bundle
17:14:09.120 [JavaFX Application Thread] DEBUG Async                - Shutting down background threads
17:14:09.120 [JavaFX Application Thread] DEBUG PrimaryStageWindow   - Closing main window
17:14:09.178 [JavaFX Application Thread] DEBUG Logger               - Closing Logger
